Start testing: Apr 27 14:49 UTC
----------------------------------------------------------
1/98 Testing: CopyOnWrite.Construction.DefaultConstructorInt
1/98 Test: CopyOnWrite.Construction.DefaultConstructorInt
Command: "/home/runner/work/copy-on-write/copy-on-write/build/tests/cow_tests" "--gtest_filter=Construction.DefaultConstructorInt" "--gtest_also_run_disabled_tests"
Directory: /home/runner/work/copy-on-write/copy-on-write/build/tests
"CopyOnWrite.Construction.DefaultConstructorInt" start time: Apr 27 14:49 UTC
Output:
----------------------------------------------------------
Running main() from ./googletest/src/gtest_main.cc
Note: Google Test filter = Construction.DefaultConstructorInt
[==========] Running 1 test from 1 test suite.
[----------] Global test environment set-up.
[----------] 1 test from Construction
[ RUN      ] Construction.DefaultConstructorInt
[       OK ] Construction.DefaultConstructorInt (0 ms)
[----------] 1 test from Construction (0 ms total)

[----------] Global test environment tear-down
[==========] 1 test from 1 test suite ran. (0 ms total)
[  PASSED  ] 1 test.
<end of output>
Test time =   0.00 sec
----------------------------------------------------------
Test Passed.
"CopyOnWrite.Construction.DefaultConstructorInt" end time: Apr 27 14:49 UTC
"CopyOnWrite.Construction.DefaultConstructorInt" time elapsed: 00:00:00
----------------------------------------------------------

2/98 Testing: CopyOnWrite.Construction.DefaultConstructorString
2/98 Test: CopyOnWrite.Construction.DefaultConstructorString
Command: "/home/runner/work/copy-on-write/copy-on-write/build/tests/cow_tests" "--gtest_filter=Construction.DefaultConstructorString" "--gtest_also_run_disabled_tests"
Directory: /home/runner/work/copy-on-write/copy-on-write/build/tests
"CopyOnWrite.Construction.DefaultConstructorString" start time: Apr 27 14:49 UTC
Output:
----------------------------------------------------------
Running main() from ./googletest/src/gtest_main.cc
Note: Google Test filter = Construction.DefaultConstructorString
[==========] Running 1 test from 1 test suite.
[----------] Global test environment set-up.
[----------] 1 test from Construction
[ RUN      ] Construction.DefaultConstructorString
[       OK ] Construction.DefaultConstructorString (0 ms)
[----------] 1 test from Construction (0 ms total)

[----------] Global test environment tear-down
[==========] 1 test from 1 test suite ran. (0 ms total)
[  PASSED  ] 1 test.
<end of output>
Test time =   0.00 sec
----------------------------------------------------------
Test Passed.
"CopyOnWrite.Construction.DefaultConstructorString" end time: Apr 27 14:49 UTC
"CopyOnWrite.Construction.DefaultConstructorString" time elapsed: 00:00:00
----------------------------------------------------------

3/98 Testing: CopyOnWrite.Construction.SingleValueConstructorStores
3/98 Test: CopyOnWrite.Construction.SingleValueConstructorStores
Command: "/home/runner/work/copy-on-write/copy-on-write/build/tests/cow_tests" "--gtest_filter=Construction.SingleValueConstructorStores" "--gtest_also_run_disabled_tests"
Directory: /home/runner/work/copy-on-write/copy-on-write/build/tests
"CopyOnWrite.Construction.SingleValueConstructorStores" start time: Apr 27 14:49 UTC
Output:
----------------------------------------------------------
Running main() from ./googletest/src/gtest_main.cc
Note: Google Test filter = Construction.SingleValueConstructorStores
[==========] Running 1 test from 1 test suite.
[----------] Global test environment set-up.
[----------] 1 test from Construction
[ RUN      ] Construction.SingleValueConstructorStores
[       OK ] Construction.SingleValueConstructorStores (0 ms)
[----------] 1 test from Construction (0 ms total)

[----------] Global test environment tear-down
[==========] 1 test from 1 test suite ran. (0 ms total)
[  PASSED  ] 1 test.
<end of output>
Test time =   0.00 sec
----------------------------------------------------------
Test Passed.
"CopyOnWrite.Construction.SingleValueConstructorStores" end time: Apr 27 14:49 UTC
"CopyOnWrite.Construction.SingleValueConstructorStores" time elapsed: 00:00:00
----------------------------------------------------------

4/98 Testing: CopyOnWrite.Construction.SingleValueConstructorLvalue
4/98 Test: CopyOnWrite.Construction.SingleValueConstructorLvalue
Command: "/home/runner/work/copy-on-write/copy-on-write/build/tests/cow_tests" "--gtest_filter=Construction.SingleValueConstructorLvalue" "--gtest_also_run_disabled_tests"
Directory: /home/runner/work/copy-on-write/copy-on-write/build/tests
"CopyOnWrite.Construction.SingleValueConstructorLvalue" start time: Apr 27 14:49 UTC
Output:
----------------------------------------------------------
Running main() from ./googletest/src/gtest_main.cc
Note: Google Test filter = Construction.SingleValueConstructorLvalue
[==========] Running 1 test from 1 test suite.
[----------] Global test environment set-up.
[----------] 1 test from Construction
[ RUN      ] Construction.SingleValueConstructorLvalue
[       OK ] Construction.SingleValueConstructorLvalue (0 ms)
[----------] 1 test from Construction (0 ms total)

[----------] Global test environment tear-down
[==========] 1 test from 1 test suite ran. (0 ms total)
[  PASSED  ] 1 test.
<end of output>
Test time =   0.00 sec
----------------------------------------------------------
Test Passed.
"CopyOnWrite.Construction.SingleValueConstructorLvalue" end time: Apr 27 14:49 UTC
"CopyOnWrite.Construction.SingleValueConstructorLvalue" time elapsed: 00:00:00
----------------------------------------------------------

5/98 Testing: CopyOnWrite.Construction.SingleValueConstructorRvalue
5/98 Test: CopyOnWrite.Construction.SingleValueConstructorRvalue
Command: "/home/runner/work/copy-on-write/copy-on-write/build/tests/cow_tests" "--gtest_filter=Construction.SingleValueConstructorRvalue" "--gtest_also_run_disabled_tests"
Directory: /home/runner/work/copy-on-write/copy-on-write/build/tests
"CopyOnWrite.Construction.SingleValueConstructorRvalue" start time: Apr 27 14:49 UTC
Output:
----------------------------------------------------------
Running main() from ./googletest/src/gtest_main.cc
Note: Google Test filter = Construction.SingleValueConstructorRvalue
[==========] Running 1 test from 1 test suite.
[----------] Global test environment set-up.
[----------] 1 test from Construction
[ RUN      ] Construction.SingleValueConstructorRvalue
[       OK ] Construction.SingleValueConstructorRvalue (0 ms)
[----------] 1 test from Construction (0 ms total)

[----------] Global test environment tear-down
[==========] 1 test from 1 test suite ran. (0 ms total)
[  PASSED  ] 1 test.
<end of output>
Test time =   0.00 sec
----------------------------------------------------------
Test Passed.
"CopyOnWrite.Construction.SingleValueConstructorRvalue" end time: Apr 27 14:49 UTC
"CopyOnWrite.Construction.SingleValueConstructorRvalue" time elapsed: 00:00:00
----------------------------------------------------------

6/98 Testing: CopyOnWrite.Construction.InPlaceMultipleArguments
6/98 Test: CopyOnWrite.Construction.InPlaceMultipleArguments
Command: "/home/runner/work/copy-on-write/copy-on-write/build/tests/cow_tests" "--gtest_filter=Construction.InPlaceMultipleArguments" "--gtest_also_run_disabled_tests"
Directory: /home/runner/work/copy-on-write/copy-on-write/build/tests
"CopyOnWrite.Construction.InPlaceMultipleArguments" start time: Apr 27 14:49 UTC
Output:
----------------------------------------------------------
Running main() from ./googletest/src/gtest_main.cc
Note: Google Test filter = Construction.InPlaceMultipleArguments
[==========] Running 1 test from 1 test suite.
[----------] Global test environment set-up.
[----------] 1 test from Construction
[ RUN      ] Construction.InPlaceMultipleArguments
[       OK ] Construction.InPlaceMultipleArguments (0 ms)
[----------] 1 test from Construction (0 ms total)

[----------] Global test environment tear-down
[==========] 1 test from 1 test suite ran. (0 ms total)
[  PASSED  ] 1 test.
<end of output>
Test time =   0.00 sec
----------------------------------------------------------
Test Passed.
"CopyOnWrite.Construction.InPlaceMultipleArguments" end time: Apr 27 14:49 UTC
"CopyOnWrite.Construction.InPlaceMultipleArguments" time elapsed: 00:00:00
----------------------------------------------------------

7/98 Testing: CopyOnWrite.Construction.InPlaceInitializerList
7/98 Test: CopyOnWrite.Construction.InPlaceInitializerList
Command: "/home/runner/work/copy-on-write/copy-on-write/build/tests/cow_tests" "--gtest_filter=Construction.InPlaceInitializerList" "--gtest_also_run_disabled_tests"
Directory: /home/runner/work/copy-on-write/copy-on-write/build/tests
"CopyOnWrite.Construction.InPlaceInitializerList" start time: Apr 27 14:49 UTC
Output:
----------------------------------------------------------
Running main() from ./googletest/src/gtest_main.cc
Note: Google Test filter = Construction.InPlaceInitializerList
[==========] Running 1 test from 1 test suite.
[----------] Global test environment set-up.
[----------] 1 test from Construction
[ RUN      ] Construction.InPlaceInitializerList
[       OK ] Construction.InPlaceInitializerList (0 ms)
[----------] 1 test from Construction (0 ms total)

[----------] Global test environment tear-down
[==========] 1 test from 1 test suite ran. (0 ms total)
[  PASSED  ] 1 test.
<end of output>
Test time =   0.00 sec
----------------------------------------------------------
Test Passed.
"CopyOnWrite.Construction.InPlaceInitializerList" end time: Apr 27 14:49 UTC
"CopyOnWrite.Construction.InPlaceInitializerList" time elapsed: 00:00:00
----------------------------------------------------------

8/98 Testing: CopyOnWrite.Construction.InPlaceInitializerListExtraArgs
8/98 Test: CopyOnWrite.Construction.InPlaceInitializerListExtraArgs
Command: "/home/runner/work/copy-on-write/copy-on-write/build/tests/cow_tests" "--gtest_filter=Construction.InPlaceInitializerListExtraArgs" "--gtest_also_run_disabled_tests"
Directory: /home/runner/work/copy-on-write/copy-on-write/build/tests
"CopyOnWrite.Construction.InPlaceInitializerListExtraArgs" start time: Apr 27 14:49 UTC
Output:
----------------------------------------------------------
Running main() from ./googletest/src/gtest_main.cc
Note: Google Test filter = Construction.InPlaceInitializerListExtraArgs
[==========] Running 1 test from 1 test suite.
[----------] Global test environment set-up.
[----------] 1 test from Construction
[ RUN      ] Construction.InPlaceInitializerListExtraArgs
[       OK ] Construction.InPlaceInitializerListExtraArgs (0 ms)
[----------] 1 test from Construction (0 ms total)

[----------] Global test environment tear-down
[==========] 1 test from 1 test suite ran. (0 ms total)
[  PASSED  ] 1 test.
<end of output>
Test time =   0.00 sec
----------------------------------------------------------
Test Passed.
"CopyOnWrite.Construction.InPlaceInitializerListExtraArgs" end time: Apr 27 14:49 UTC
"CopyOnWrite.Construction.InPlaceInitializerListExtraArgs" time elapsed: 00:00:00
----------------------------------------------------------

9/98 Testing: CopyOnWrite.Construction.AllocArgDefaultConstructor
9/98 Test: CopyOnWrite.Construction.AllocArgDefaultConstructor
Command: "/home/runner/work/copy-on-write/copy-on-write/build/tests/cow_tests" "--gtest_filter=Construction.AllocArgDefaultConstructor" "--gtest_also_run_disabled_tests"
Directory: /home/runner/work/copy-on-write/copy-on-write/build/tests
"CopyOnWrite.Construction.AllocArgDefaultConstructor" start time: Apr 27 14:49 UTC
Output:
----------------------------------------------------------
Running main() from ./googletest/src/gtest_main.cc
Note: Google Test filter = Construction.AllocArgDefaultConstructor
[==========] Running 1 test from 1 test suite.
[----------] Global test environment set-up.
[----------] 1 test from Construction
[ RUN      ] Construction.AllocArgDefaultConstructor
[       OK ] Construction.AllocArgDefaultConstructor (0 ms)
[----------] 1 test from Construction (0 ms total)

[----------] Global test environment tear-down
[==========] 1 test from 1 test suite ran. (0 ms total)
[  PASSED  ] 1 test.
<end of output>
Test time =   0.00 sec
----------------------------------------------------------
Test Passed.
"CopyOnWrite.Construction.AllocArgDefaultConstructor" end time: Apr 27 14:49 UTC
"CopyOnWrite.Construction.AllocArgDefaultConstructor" time elapsed: 00:00:00
----------------------------------------------------------

10/98 Testing: CopyOnWrite.Construction.AllocArgSingleValueConstructor
10/98 Test: CopyOnWrite.Construction.AllocArgSingleValueConstructor
Command: "/home/runner/work/copy-on-write/copy-on-write/build/tests/cow_tests" "--gtest_filter=Construction.AllocArgSingleValueConstructor" "--gtest_also_run_disabled_tests"
Directory: /home/runner/work/copy-on-write/copy-on-write/build/tests
"CopyOnWrite.Construction.AllocArgSingleValueConstructor" start time: Apr 27 14:49 UTC
Output:
----------------------------------------------------------
Running main() from ./googletest/src/gtest_main.cc
Note: Google Test filter = Construction.AllocArgSingleValueConstructor
[==========] Running 1 test from 1 test suite.
[----------] Global test environment set-up.
[----------] 1 test from Construction
[ RUN      ] Construction.AllocArgSingleValueConstructor
[       OK ] Construction.AllocArgSingleValueConstructor (0 ms)
[----------] 1 test from Construction (0 ms total)

[----------] Global test environment tear-down
[==========] 1 test from 1 test suite ran. (0 ms total)
[  PASSED  ] 1 test.
<end of output>
Test time =   0.00 sec
----------------------------------------------------------
Test Passed.
"CopyOnWrite.Construction.AllocArgSingleValueConstructor" end time: Apr 27 14:49 UTC
"CopyOnWrite.Construction.AllocArgSingleValueConstructor" time elapsed: 00:00:00
----------------------------------------------------------

11/98 Testing: CopyOnWrite.Construction.AllocArgInPlaceConstructor
11/98 Test: CopyOnWrite.Construction.AllocArgInPlaceConstructor
Command: "/home/runner/work/copy-on-write/copy-on-write/build/tests/cow_tests" "--gtest_filter=Construction.AllocArgInPlaceConstructor" "--gtest_also_run_disabled_tests"
Directory: /home/runner/work/copy-on-write/copy-on-write/build/tests
"CopyOnWrite.Construction.AllocArgInPlaceConstructor" start time: Apr 27 14:49 UTC
Output:
----------------------------------------------------------
Running main() from ./googletest/src/gtest_main.cc
Note: Google Test filter = Construction.AllocArgInPlaceConstructor
[==========] Running 1 test from 1 test suite.
[----------] Global test environment set-up.
[----------] 1 test from Construction
[ RUN      ] Construction.AllocArgInPlaceConstructor
[       OK ] Construction.AllocArgInPlaceConstructor (0 ms)
[----------] 1 test from Construction (0 ms total)

[----------] Global test environment tear-down
[==========] 1 test from 1 test suite ran. (0 ms total)
[  PASSED  ] 1 test.
<end of output>
Test time =   0.00 sec
----------------------------------------------------------
Test Passed.
"CopyOnWrite.Construction.AllocArgInPlaceConstructor" end time: Apr 27 14:49 UTC
"CopyOnWrite.Construction.AllocArgInPlaceConstructor" time elapsed: 00:00:00
----------------------------------------------------------

12/98 Testing: CopyOnWrite.Construction.AllocArgInPlaceInitializerList
12/98 Test: CopyOnWrite.Construction.AllocArgInPlaceInitializerList
Command: "/home/runner/work/copy-on-write/copy-on-write/build/tests/cow_tests" "--gtest_filter=Construction.AllocArgInPlaceInitializerList" "--gtest_also_run_disabled_tests"
Directory: /home/runner/work/copy-on-write/copy-on-write/build/tests
"CopyOnWrite.Construction.AllocArgInPlaceInitializerList" start time: Apr 27 14:49 UTC
Output:
----------------------------------------------------------
Running main() from ./googletest/src/gtest_main.cc
Note: Google Test filter = Construction.AllocArgInPlaceInitializerList
[==========] Running 1 test from 1 test suite.
[----------] Global test environment set-up.
[----------] 1 test from Construction
[ RUN      ] Construction.AllocArgInPlaceInitializerList
[       OK ] Construction.AllocArgInPlaceInitializerList (0 ms)
[----------] 1 test from Construction (0 ms total)

[----------] Global test environment tear-down
[==========] 1 test from 1 test suite ran. (0 ms total)
[  PASSED  ] 1 test.
<end of output>
Test time =   0.00 sec
----------------------------------------------------------
Test Passed.
"CopyOnWrite.Construction.AllocArgInPlaceInitializerList" end time: Apr 27 14:49 UTC
"CopyOnWrite.Construction.AllocArgInPlaceInitializerList" time elapsed: 00:00:00
----------------------------------------------------------

13/98 Testing: CopyOnWrite.Construction.CopyConstructorSharesOwnership
13/98 Test: CopyOnWrite.Construction.CopyConstructorSharesOwnership
Command: "/home/runner/work/copy-on-write/copy-on-write/build/tests/cow_tests" "--gtest_filter=Construction.CopyConstructorSharesOwnership" "--gtest_also_run_disabled_tests"
Directory: /home/runner/work/copy-on-write/copy-on-write/build/tests
"CopyOnWrite.Construction.CopyConstructorSharesOwnership" start time: Apr 27 14:49 UTC
Output:
----------------------------------------------------------
Running main() from ./googletest/src/gtest_main.cc
Note: Google Test filter = Construction.CopyConstructorSharesOwnership
[==========] Running 1 test from 1 test suite.
[----------] Global test environment set-up.
[----------] 1 test from Construction
[ RUN      ] Construction.CopyConstructorSharesOwnership
[       OK ] Construction.CopyConstructorSharesOwnership (0 ms)
[----------] 1 test from Construction (0 ms total)

[----------] Global test environment tear-down
[==========] 1 test from 1 test suite ran. (0 ms total)
[  PASSED  ] 1 test.
<end of output>
Test time =   0.00 sec
----------------------------------------------------------
Test Passed.
"CopyOnWrite.Construction.CopyConstructorSharesOwnership" end time: Apr 27 14:49 UTC
"CopyOnWrite.Construction.CopyConstructorSharesOwnership" time elapsed: 00:00:00
----------------------------------------------------------

14/98 Testing: CopyOnWrite.Construction.CopyConstructorPreservesValue
14/98 Test: CopyOnWrite.Construction.CopyConstructorPreservesValue
Command: "/home/runner/work/copy-on-write/copy-on-write/build/tests/cow_tests" "--gtest_filter=Construction.CopyConstructorPreservesValue" "--gtest_also_run_disabled_tests"
Directory: /home/runner/work/copy-on-write/copy-on-write/build/tests
"CopyOnWrite.Construction.CopyConstructorPreservesValue" start time: Apr 27 14:49 UTC
Output:
----------------------------------------------------------
Running main() from ./googletest/src/gtest_main.cc
Note: Google Test filter = Construction.CopyConstructorPreservesValue
[==========] Running 1 test from 1 test suite.
[----------] Global test environment set-up.
[----------] 1 test from Construction
[ RUN      ] Construction.CopyConstructorPreservesValue
[       OK ] Construction.CopyConstructorPreservesValue (0 ms)
[----------] 1 test from Construction (0 ms total)

[----------] Global test environment tear-down
[==========] 1 test from 1 test suite ran. (0 ms total)
[  PASSED  ] 1 test.
<end of output>
Test time =   0.00 sec
----------------------------------------------------------
Test Passed.
"CopyOnWrite.Construction.CopyConstructorPreservesValue" end time: Apr 27 14:49 UTC
"CopyOnWrite.Construction.CopyConstructorPreservesValue" time elapsed: 00:00:00
----------------------------------------------------------

15/98 Testing: CopyOnWrite.Construction.CopyConstructorFromValueless
15/98 Test: CopyOnWrite.Construction.CopyConstructorFromValueless
Command: "/home/runner/work/copy-on-write/copy-on-write/build/tests/cow_tests" "--gtest_filter=Construction.CopyConstructorFromValueless" "--gtest_also_run_disabled_tests"
Directory: /home/runner/work/copy-on-write/copy-on-write/build/tests
"CopyOnWrite.Construction.CopyConstructorFromValueless" start time: Apr 27 14:49 UTC
Output:
----------------------------------------------------------
Running main() from ./googletest/src/gtest_main.cc
Note: Google Test filter = Construction.CopyConstructorFromValueless
[==========] Running 1 test from 1 test suite.
[----------] Global test environment set-up.
[----------] 1 test from Construction
[ RUN      ] Construction.CopyConstructorFromValueless
[       OK ] Construction.CopyConstructorFromValueless (0 ms)
[----------] 1 test from Construction (0 ms total)

[----------] Global test environment tear-down
[==========] 1 test from 1 test suite ran. (0 ms total)
[  PASSED  ] 1 test.
<end of output>
Test time =   0.00 sec
----------------------------------------------------------
Test Passed.
"CopyOnWrite.Construction.CopyConstructorFromValueless" end time: Apr 27 14:49 UTC
"CopyOnWrite.Construction.CopyConstructorFromValueless" time elapsed: 00:00:00
----------------------------------------------------------

16/98 Testing: CopyOnWrite.Construction.MoveConstructorTransfersOwnership
16/98 Test: CopyOnWrite.Construction.MoveConstructorTransfersOwnership
Command: "/home/runner/work/copy-on-write/copy-on-write/build/tests/cow_tests" "--gtest_filter=Construction.MoveConstructorTransfersOwnership" "--gtest_also_run_disabled_tests"
Directory: /home/runner/work/copy-on-write/copy-on-write/build/tests
"CopyOnWrite.Construction.MoveConstructorTransfersOwnership" start time: Apr 27 14:49 UTC
Output:
----------------------------------------------------------
Running main() from ./googletest/src/gtest_main.cc
Note: Google Test filter = Construction.MoveConstructorTransfersOwnership
[==========] Running 1 test from 1 test suite.
[----------] Global test environment set-up.
[----------] 1 test from Construction
[ RUN      ] Construction.MoveConstructorTransfersOwnership
[       OK ] Construction.MoveConstructorTransfersOwnership (0 ms)
[----------] 1 test from Construction (0 ms total)

[----------] Global test environment tear-down
[==========] 1 test from 1 test suite ran. (0 ms total)
[  PASSED  ] 1 test.
<end of output>
Test time =   0.00 sec
----------------------------------------------------------
Test Passed.
"CopyOnWrite.Construction.MoveConstructorTransfersOwnership" end time: Apr 27 14:49 UTC
"CopyOnWrite.Construction.MoveConstructorTransfersOwnership" time elapsed: 00:00:00
----------------------------------------------------------

17/98 Testing: CopyOnWrite.Construction.MoveConstructorUseCountStaysOne
17/98 Test: CopyOnWrite.Construction.MoveConstructorUseCountStaysOne
Command: "/home/runner/work/copy-on-write/copy-on-write/build/tests/cow_tests" "--gtest_filter=Construction.MoveConstructorUseCountStaysOne" "--gtest_also_run_disabled_tests"
Directory: /home/runner/work/copy-on-write/copy-on-write/build/tests
"CopyOnWrite.Construction.MoveConstructorUseCountStaysOne" start time: Apr 27 14:49 UTC
Output:
----------------------------------------------------------
Running main() from ./googletest/src/gtest_main.cc
Note: Google Test filter = Construction.MoveConstructorUseCountStaysOne
[==========] Running 1 test from 1 test suite.
[----------] Global test environment set-up.
[----------] 1 test from Construction
[ RUN      ] Construction.MoveConstructorUseCountStaysOne
[       OK ] Construction.MoveConstructorUseCountStaysOne (0 ms)
[----------] 1 test from Construction (0 ms total)

[----------] Global test environment tear-down
[==========] 1 test from 1 test suite ran. (0 ms total)
[  PASSED  ] 1 test.
<end of output>
Test time =   0.00 sec
----------------------------------------------------------
Test Passed.
"CopyOnWrite.Construction.MoveConstructorUseCountStaysOne" end time: Apr 27 14:49 UTC
"CopyOnWrite.Construction.MoveConstructorUseCountStaysOne" time elapsed: 00:00:00
----------------------------------------------------------

18/98 Testing: CopyOnWrite.Construction.AllocArgCopyConstructorSameAllocatorSharesModel
18/98 Test: CopyOnWrite.Construction.AllocArgCopyConstructorSameAllocatorSharesModel
Command: "/home/runner/work/copy-on-write/copy-on-write/build/tests/cow_tests" "--gtest_filter=Construction.AllocArgCopyConstructorSameAllocatorSharesModel" "--gtest_also_run_disabled_tests"
Directory: /home/runner/work/copy-on-write/copy-on-write/build/tests
"CopyOnWrite.Construction.AllocArgCopyConstructorSameAllocatorSharesModel" start time: Apr 27 14:49 UTC
Output:
----------------------------------------------------------
Running main() from ./googletest/src/gtest_main.cc
Note: Google Test filter = Construction.AllocArgCopyConstructorSameAllocatorSharesModel
[==========] Running 1 test from 1 test suite.
[----------] Global test environment set-up.
[----------] 1 test from Construction
[ RUN      ] Construction.AllocArgCopyConstructorSameAllocatorSharesModel
[       OK ] Construction.AllocArgCopyConstructorSameAllocatorSharesModel (0 ms)
[----------] 1 test from Construction (0 ms total)

[----------] Global test environment tear-down
[==========] 1 test from 1 test suite ran. (0 ms total)
[  PASSED  ] 1 test.
<end of output>
Test time =   0.00 sec
----------------------------------------------------------
Test Passed.
"CopyOnWrite.Construction.AllocArgCopyConstructorSameAllocatorSharesModel" end time: Apr 27 14:49 UTC
"CopyOnWrite.Construction.AllocArgCopyConstructorSameAllocatorSharesModel" time elapsed: 00:00:00
----------------------------------------------------------

19/98 Testing: CopyOnWrite.Construction.AllocArgCopyConstructorFromValueless
19/98 Test: CopyOnWrite.Construction.AllocArgCopyConstructorFromValueless
Command: "/home/runner/work/copy-on-write/copy-on-write/build/tests/cow_tests" "--gtest_filter=Construction.AllocArgCopyConstructorFromValueless" "--gtest_also_run_disabled_tests"
Directory: /home/runner/work/copy-on-write/copy-on-write/build/tests
"CopyOnWrite.Construction.AllocArgCopyConstructorFromValueless" start time: Apr 27 14:49 UTC
Output:
----------------------------------------------------------
Running main() from ./googletest/src/gtest_main.cc
Note: Google Test filter = Construction.AllocArgCopyConstructorFromValueless
[==========] Running 1 test from 1 test suite.
[----------] Global test environment set-up.
[----------] 1 test from Construction
[ RUN      ] Construction.AllocArgCopyConstructorFromValueless
[       OK ] Construction.AllocArgCopyConstructorFromValueless (0 ms)
[----------] 1 test from Construction (0 ms total)

[----------] Global test environment tear-down
[==========] 1 test from 1 test suite ran. (0 ms total)
[  PASSED  ] 1 test.
<end of output>
Test time =   0.00 sec
----------------------------------------------------------
Test Passed.
"CopyOnWrite.Construction.AllocArgCopyConstructorFromValueless" end time: Apr 27 14:49 UTC
"CopyOnWrite.Construction.AllocArgCopyConstructorFromValueless" time elapsed: 00:00:00
----------------------------------------------------------

20/98 Testing: CopyOnWrite.Construction.AllocArgMoveConstructorSameAllocatorTransfersModel
20/98 Test: CopyOnWrite.Construction.AllocArgMoveConstructorSameAllocatorTransfersModel
Command: "/home/runner/work/copy-on-write/copy-on-write/build/tests/cow_tests" "--gtest_filter=Construction.AllocArgMoveConstructorSameAllocatorTransfersModel" "--gtest_also_run_disabled_tests"
Directory: /home/runner/work/copy-on-write/copy-on-write/build/tests
"CopyOnWrite.Construction.AllocArgMoveConstructorSameAllocatorTransfersModel" start time: Apr 27 14:49 UTC
Output:
----------------------------------------------------------
Running main() from ./googletest/src/gtest_main.cc
Note: Google Test filter = Construction.AllocArgMoveConstructorSameAllocatorTransfersModel
[==========] Running 1 test from 1 test suite.
[----------] Global test environment set-up.
[----------] 1 test from Construction
[ RUN      ] Construction.AllocArgMoveConstructorSameAllocatorTransfersModel
[       OK ] Construction.AllocArgMoveConstructorSameAllocatorTransfersModel (0 ms)
[----------] 1 test from Construction (0 ms total)

[----------] Global test environment tear-down
[==========] 1 test from 1 test suite ran. (0 ms total)
[  PASSED  ] 1 test.
<end of output>
Test time =   0.00 sec
----------------------------------------------------------
Test Passed.
"CopyOnWrite.Construction.AllocArgMoveConstructorSameAllocatorTransfersModel" end time: Apr 27 14:49 UTC
"CopyOnWrite.Construction.AllocArgMoveConstructorSameAllocatorTransfersModel" time elapsed: 00:00:00
----------------------------------------------------------

21/98 Testing: CopyOnWrite.Construction.AllocArgMoveConstructorFromValueless
21/98 Test: CopyOnWrite.Construction.AllocArgMoveConstructorFromValueless
Command: "/home/runner/work/copy-on-write/copy-on-write/build/tests/cow_tests" "--gtest_filter=Construction.AllocArgMoveConstructorFromValueless" "--gtest_also_run_disabled_tests"
Directory: /home/runner/work/copy-on-write/copy-on-write/build/tests
"CopyOnWrite.Construction.AllocArgMoveConstructorFromValueless" start time: Apr 27 14:49 UTC
Output:
----------------------------------------------------------
Running main() from ./googletest/src/gtest_main.cc
Note: Google Test filter = Construction.AllocArgMoveConstructorFromValueless
[==========] Running 1 test from 1 test suite.
[----------] Global test environment set-up.
[----------] 1 test from Construction
[ RUN      ] Construction.AllocArgMoveConstructorFromValueless
[       OK ] Construction.AllocArgMoveConstructorFromValueless (0 ms)
[----------] 1 test from Construction (0 ms total)

[----------] Global test environment tear-down
[==========] 1 test from 1 test suite ran. (0 ms total)
[  PASSED  ] 1 test.
<end of output>
Test time =   0.00 sec
----------------------------------------------------------
Test Passed.
"CopyOnWrite.Construction.AllocArgMoveConstructorFromValueless" end time: Apr 27 14:49 UTC
"CopyOnWrite.Construction.AllocArgMoveConstructorFromValueless" time elapsed: 00:00:00
----------------------------------------------------------

22/98 Testing: CopyOnWrite.Construction.DeductionGuideFromValue
22/98 Test: CopyOnWrite.Construction.DeductionGuideFromValue
Command: "/home/runner/work/copy-on-write/copy-on-write/build/tests/cow_tests" "--gtest_filter=Construction.DeductionGuideFromValue" "--gtest_also_run_disabled_tests"
Directory: /home/runner/work/copy-on-write/copy-on-write/build/tests
"CopyOnWrite.Construction.DeductionGuideFromValue" start time: Apr 27 14:49 UTC
Output:
----------------------------------------------------------
Running main() from ./googletest/src/gtest_main.cc
Note: Google Test filter = Construction.DeductionGuideFromValue
[==========] Running 1 test from 1 test suite.
[----------] Global test environment set-up.
[----------] 1 test from Construction
[ RUN      ] Construction.DeductionGuideFromValue
[       OK ] Construction.DeductionGuideFromValue (0 ms)
[----------] 1 test from Construction (0 ms total)

[----------] Global test environment tear-down
[==========] 1 test from 1 test suite ran. (0 ms total)
[  PASSED  ] 1 test.
<end of output>
Test time =   0.00 sec
----------------------------------------------------------
Test Passed.
"CopyOnWrite.Construction.DeductionGuideFromValue" end time: Apr 27 14:49 UTC
"CopyOnWrite.Construction.DeductionGuideFromValue" time elapsed: 00:00:00
----------------------------------------------------------

23/98 Testing: CopyOnWrite.Construction.DeductionGuideFromAllocArgValue
23/98 Test: CopyOnWrite.Construction.DeductionGuideFromAllocArgValue
Command: "/home/runner/work/copy-on-write/copy-on-write/build/tests/cow_tests" "--gtest_filter=Construction.DeductionGuideFromAllocArgValue" "--gtest_also_run_disabled_tests"
Directory: /home/runner/work/copy-on-write/copy-on-write/build/tests
"CopyOnWrite.Construction.DeductionGuideFromAllocArgValue" start time: Apr 27 14:49 UTC
Output:
----------------------------------------------------------
Running main() from ./googletest/src/gtest_main.cc
Note: Google Test filter = Construction.DeductionGuideFromAllocArgValue
[==========] Running 1 test from 1 test suite.
[----------] Global test environment set-up.
[----------] 1 test from Construction
[ RUN      ] Construction.DeductionGuideFromAllocArgValue
[       OK ] Construction.DeductionGuideFromAllocArgValue (0 ms)
[----------] 1 test from Construction (0 ms total)

[----------] Global test environment tear-down
[==========] 1 test from 1 test suite ran. (0 ms total)
[  PASSED  ] 1 test.
<end of output>
Test time =   0.00 sec
----------------------------------------------------------
Test Passed.
"CopyOnWrite.Construction.DeductionGuideFromAllocArgValue" end time: Apr 27 14:49 UTC
"CopyOnWrite.Construction.DeductionGuideFromAllocArgValue" time elapsed: 00:00:00
----------------------------------------------------------

24/98 Testing: CopyOnWrite.Construction.ExceptionInValueConstructorPropagates
24/98 Test: CopyOnWrite.Construction.ExceptionInValueConstructorPropagates
Command: "/home/runner/work/copy-on-write/copy-on-write/build/tests/cow_tests" "--gtest_filter=Construction.ExceptionInValueConstructorPropagates" "--gtest_also_run_disabled_tests"
Directory: /home/runner/work/copy-on-write/copy-on-write/build/tests
"CopyOnWrite.Construction.ExceptionInValueConstructorPropagates" start time: Apr 27 14:49 UTC
Output:
----------------------------------------------------------
Running main() from ./googletest/src/gtest_main.cc
Note: Google Test filter = Construction.ExceptionInValueConstructorPropagates
[==========] Running 1 test from 1 test suite.
[----------] Global test environment set-up.
[----------] 1 test from Construction
[ RUN      ] Construction.ExceptionInValueConstructorPropagates
[       OK ] Construction.ExceptionInValueConstructorPropagates (0 ms)
[----------] 1 test from Construction (0 ms total)

[----------] Global test environment tear-down
[==========] 1 test from 1 test suite ran. (0 ms total)
[  PASSED  ] 1 test.
<end of output>
Test time =   0.00 sec
----------------------------------------------------------
Test Passed.
"CopyOnWrite.Construction.ExceptionInValueConstructorPropagates" end time: Apr 27 14:49 UTC
"CopyOnWrite.Construction.ExceptionInValueConstructorPropagates" time elapsed: 00:00:00
----------------------------------------------------------

25/98 Testing: CopyOnWrite.Observers.DerefReturnsConstRef
25/98 Test: CopyOnWrite.Observers.DerefReturnsConstRef
Command: "/home/runner/work/copy-on-write/copy-on-write/build/tests/cow_tests" "--gtest_filter=Observers.DerefReturnsConstRef" "--gtest_also_run_disabled_tests"
Directory: /home/runner/work/copy-on-write/copy-on-write/build/tests
"CopyOnWrite.Observers.DerefReturnsConstRef" start time: Apr 27 14:49 UTC
Output:
----------------------------------------------------------
Running main() from ./googletest/src/gtest_main.cc
Note: Google Test filter = Observers.DerefReturnsConstRef
[==========] Running 1 test from 1 test suite.
[----------] Global test environment set-up.
[----------] 1 test from Observers
[ RUN      ] Observers.DerefReturnsConstRef
[       OK ] Observers.DerefReturnsConstRef (0 ms)
[----------] 1 test from Observers (0 ms total)

[----------] Global test environment tear-down
[==========] 1 test from 1 test suite ran. (0 ms total)
[  PASSED  ] 1 test.
<end of output>
Test time =   0.00 sec
----------------------------------------------------------
Test Passed.
"CopyOnWrite.Observers.DerefReturnsConstRef" end time: Apr 27 14:49 UTC
"CopyOnWrite.Observers.DerefReturnsConstRef" time elapsed: 00:00:00
----------------------------------------------------------

26/98 Testing: CopyOnWrite.Observers.DerefReflectsValueChangesViaModify
26/98 Test: CopyOnWrite.Observers.DerefReflectsValueChangesViaModify
Command: "/home/runner/work/copy-on-write/copy-on-write/build/tests/cow_tests" "--gtest_filter=Observers.DerefReflectsValueChangesViaModify" "--gtest_also_run_disabled_tests"
Directory: /home/runner/work/copy-on-write/copy-on-write/build/tests
"CopyOnWrite.Observers.DerefReflectsValueChangesViaModify" start time: Apr 27 14:49 UTC
Output:
----------------------------------------------------------
Running main() from ./googletest/src/gtest_main.cc
Note: Google Test filter = Observers.DerefReflectsValueChangesViaModify
[==========] Running 1 test from 1 test suite.
[----------] Global test environment set-up.
[----------] 1 test from Observers
[ RUN      ] Observers.DerefReflectsValueChangesViaModify
[       OK ] Observers.DerefReflectsValueChangesViaModify (0 ms)
[----------] 1 test from Observers (0 ms total)

[----------] Global test environment tear-down
[==========] 1 test from 1 test suite ran. (0 ms total)
[  PASSED  ] 1 test.
<end of output>
Test time =   0.00 sec
----------------------------------------------------------
Test Passed.
"CopyOnWrite.Observers.DerefReflectsValueChangesViaModify" end time: Apr 27 14:49 UTC
"CopyOnWrite.Observers.DerefReflectsValueChangesViaModify" time elapsed: 00:00:00
----------------------------------------------------------

27/98 Testing: CopyOnWrite.Observers.ArrowProvidesConstAccessToMember
27/98 Test: CopyOnWrite.Observers.ArrowProvidesConstAccessToMember
Command: "/home/runner/work/copy-on-write/copy-on-write/build/tests/cow_tests" "--gtest_filter=Observers.ArrowProvidesConstAccessToMember" "--gtest_also_run_disabled_tests"
Directory: /home/runner/work/copy-on-write/copy-on-write/build/tests
"CopyOnWrite.Observers.ArrowProvidesConstAccessToMember" start time: Apr 27 14:49 UTC
Output:
----------------------------------------------------------
Running main() from ./googletest/src/gtest_main.cc
Note: Google Test filter = Observers.ArrowProvidesConstAccessToMember
[==========] Running 1 test from 1 test suite.
[----------] Global test environment set-up.
[----------] 1 test from Observers
[ RUN      ] Observers.ArrowProvidesConstAccessToMember
[       OK ] Observers.ArrowProvidesConstAccessToMember (0 ms)
[----------] 1 test from Observers (0 ms total)

[----------] Global test environment tear-down
[==========] 1 test from 1 test suite ran. (0 ms total)
[  PASSED  ] 1 test.
<end of output>
Test time =   0.00 sec
----------------------------------------------------------
Test Passed.
"CopyOnWrite.Observers.ArrowProvidesConstAccessToMember" end time: Apr 27 14:49 UTC
"CopyOnWrite.Observers.ArrowProvidesConstAccessToMember" time elapsed: 00:00:00
----------------------------------------------------------

28/98 Testing: CopyOnWrite.Observers.ValuelessAfterMoveIsFalseForLiveObject
28/98 Test: CopyOnWrite.Observers.ValuelessAfterMoveIsFalseForLiveObject
Command: "/home/runner/work/copy-on-write/copy-on-write/build/tests/cow_tests" "--gtest_filter=Observers.ValuelessAfterMoveIsFalseForLiveObject" "--gtest_also_run_disabled_tests"
Directory: /home/runner/work/copy-on-write/copy-on-write/build/tests
"CopyOnWrite.Observers.ValuelessAfterMoveIsFalseForLiveObject" start time: Apr 27 14:49 UTC
Output:
----------------------------------------------------------
Running main() from ./googletest/src/gtest_main.cc
Note: Google Test filter = Observers.ValuelessAfterMoveIsFalseForLiveObject
[==========] Running 1 test from 1 test suite.
[----------] Global test environment set-up.
[----------] 1 test from Observers
[ RUN      ] Observers.ValuelessAfterMoveIsFalseForLiveObject
[       OK ] Observers.ValuelessAfterMoveIsFalseForLiveObject (0 ms)
[----------] 1 test from Observers (0 ms total)

[----------] Global test environment tear-down
[==========] 1 test from 1 test suite ran. (0 ms total)
[  PASSED  ] 1 test.
<end of output>
Test time =   0.00 sec
----------------------------------------------------------
Test Passed.
"CopyOnWrite.Observers.ValuelessAfterMoveIsFalseForLiveObject" end time: Apr 27 14:49 UTC
"CopyOnWrite.Observers.ValuelessAfterMoveIsFalseForLiveObject" time elapsed: 00:00:00
----------------------------------------------------------

29/98 Testing: CopyOnWrite.Observers.ValuelessAfterMoveIsTrueAfterMoveConstruction
29/98 Test: CopyOnWrite.Observers.ValuelessAfterMoveIsTrueAfterMoveConstruction
Command: "/home/runner/work/copy-on-write/copy-on-write/build/tests/cow_tests" "--gtest_filter=Observers.ValuelessAfterMoveIsTrueAfterMoveConstruction" "--gtest_also_run_disabled_tests"
Directory: /home/runner/work/copy-on-write/copy-on-write/build/tests
"CopyOnWrite.Observers.ValuelessAfterMoveIsTrueAfterMoveConstruction" start time: Apr 27 14:49 UTC
Output:
----------------------------------------------------------
Running main() from ./googletest/src/gtest_main.cc
Note: Google Test filter = Observers.ValuelessAfterMoveIsTrueAfterMoveConstruction
[==========] Running 1 test from 1 test suite.
[----------] Global test environment set-up.
[----------] 1 test from Observers
[ RUN      ] Observers.ValuelessAfterMoveIsTrueAfterMoveConstruction
[       OK ] Observers.ValuelessAfterMoveIsTrueAfterMoveConstruction (0 ms)
[----------] 1 test from Observers (0 ms total)

[----------] Global test environment tear-down
[==========] 1 test from 1 test suite ran. (0 ms total)
[  PASSED  ] 1 test.
<end of output>
Test time =   0.00 sec
----------------------------------------------------------
Test Passed.
"CopyOnWrite.Observers.ValuelessAfterMoveIsTrueAfterMoveConstruction" end time: Apr 27 14:49 UTC
"CopyOnWrite.Observers.ValuelessAfterMoveIsTrueAfterMoveConstruction" time elapsed: 00:00:00
----------------------------------------------------------

30/98 Testing: CopyOnWrite.Observers.ValuelessAfterMoveIsTrueAfterMoveAssignment
30/98 Test: CopyOnWrite.Observers.ValuelessAfterMoveIsTrueAfterMoveAssignment
Command: "/home/runner/work/copy-on-write/copy-on-write/build/tests/cow_tests" "--gtest_filter=Observers.ValuelessAfterMoveIsTrueAfterMoveAssignment" "--gtest_also_run_disabled_tests"
Directory: /home/runner/work/copy-on-write/copy-on-write/build/tests
"CopyOnWrite.Observers.ValuelessAfterMoveIsTrueAfterMoveAssignment" start time: Apr 27 14:49 UTC
Output:
----------------------------------------------------------
Running main() from ./googletest/src/gtest_main.cc
Note: Google Test filter = Observers.ValuelessAfterMoveIsTrueAfterMoveAssignment
[==========] Running 1 test from 1 test suite.
[----------] Global test environment set-up.
[----------] 1 test from Observers
[ RUN      ] Observers.ValuelessAfterMoveIsTrueAfterMoveAssignment
[       OK ] Observers.ValuelessAfterMoveIsTrueAfterMoveAssignment (0 ms)
[----------] 1 test from Observers (0 ms total)

[----------] Global test environment tear-down
[==========] 1 test from 1 test suite ran. (0 ms total)
[  PASSED  ] 1 test.
<end of output>
Test time =   0.00 sec
----------------------------------------------------------
Test Passed.
"CopyOnWrite.Observers.ValuelessAfterMoveIsTrueAfterMoveAssignment" end time: Apr 27 14:49 UTC
"CopyOnWrite.Observers.ValuelessAfterMoveIsTrueAfterMoveAssignment" time elapsed: 00:00:00
----------------------------------------------------------

31/98 Testing: CopyOnWrite.Observers.GetAllocatorReturnsConstructionAllocator
31/98 Test: CopyOnWrite.Observers.GetAllocatorReturnsConstructionAllocator
Command: "/home/runner/work/copy-on-write/copy-on-write/build/tests/cow_tests" "--gtest_filter=Observers.GetAllocatorReturnsConstructionAllocator" "--gtest_also_run_disabled_tests"
Directory: /home/runner/work/copy-on-write/copy-on-write/build/tests
"CopyOnWrite.Observers.GetAllocatorReturnsConstructionAllocator" start time: Apr 27 14:49 UTC
Output:
----------------------------------------------------------
Running main() from ./googletest/src/gtest_main.cc
Note: Google Test filter = Observers.GetAllocatorReturnsConstructionAllocator
[==========] Running 1 test from 1 test suite.
[----------] Global test environment set-up.
[----------] 1 test from Observers
[ RUN      ] Observers.GetAllocatorReturnsConstructionAllocator
[       OK ] Observers.GetAllocatorReturnsConstructionAllocator (0 ms)
[----------] 1 test from Observers (0 ms total)

[----------] Global test environment tear-down
[==========] 1 test from 1 test suite ran. (0 ms total)
[  PASSED  ] 1 test.
<end of output>
Test time =   0.00 sec
----------------------------------------------------------
Test Passed.
"CopyOnWrite.Observers.GetAllocatorReturnsConstructionAllocator" end time: Apr 27 14:49 UTC
"CopyOnWrite.Observers.GetAllocatorReturnsConstructionAllocator" time elapsed: 00:00:00
----------------------------------------------------------

32/98 Testing: CopyOnWrite.Observers.UseCountIsOneForFreshObject
32/98 Test: CopyOnWrite.Observers.UseCountIsOneForFreshObject
Command: "/home/runner/work/copy-on-write/copy-on-write/build/tests/cow_tests" "--gtest_filter=Observers.UseCountIsOneForFreshObject" "--gtest_also_run_disabled_tests"
Directory: /home/runner/work/copy-on-write/copy-on-write/build/tests
"CopyOnWrite.Observers.UseCountIsOneForFreshObject" start time: Apr 27 14:49 UTC
Output:
----------------------------------------------------------
Running main() from ./googletest/src/gtest_main.cc
Note: Google Test filter = Observers.UseCountIsOneForFreshObject
[==========] Running 1 test from 1 test suite.
[----------] Global test environment set-up.
[----------] 1 test from Observers
[ RUN      ] Observers.UseCountIsOneForFreshObject
[       OK ] Observers.UseCountIsOneForFreshObject (0 ms)
[----------] 1 test from Observers (0 ms total)

[----------] Global test environment tear-down
[==========] 1 test from 1 test suite ran. (0 ms total)
[  PASSED  ] 1 test.
<end of output>
Test time =   0.00 sec
----------------------------------------------------------
Test Passed.
"CopyOnWrite.Observers.UseCountIsOneForFreshObject" end time: Apr 27 14:49 UTC
"CopyOnWrite.Observers.UseCountIsOneForFreshObject" time elapsed: 00:00:00
----------------------------------------------------------

33/98 Testing: CopyOnWrite.Observers.UseCountIsTwoAfterCopyConstruction
33/98 Test: CopyOnWrite.Observers.UseCountIsTwoAfterCopyConstruction
Command: "/home/runner/work/copy-on-write/copy-on-write/build/tests/cow_tests" "--gtest_filter=Observers.UseCountIsTwoAfterCopyConstruction" "--gtest_also_run_disabled_tests"
Directory: /home/runner/work/copy-on-write/copy-on-write/build/tests
"CopyOnWrite.Observers.UseCountIsTwoAfterCopyConstruction" start time: Apr 27 14:49 UTC
Output:
----------------------------------------------------------
Running main() from ./googletest/src/gtest_main.cc
Note: Google Test filter = Observers.UseCountIsTwoAfterCopyConstruction
[==========] Running 1 test from 1 test suite.
[----------] Global test environment set-up.
[----------] 1 test from Observers
[ RUN      ] Observers.UseCountIsTwoAfterCopyConstruction
[       OK ] Observers.UseCountIsTwoAfterCopyConstruction (0 ms)
[----------] 1 test from Observers (0 ms total)

[----------] Global test environment tear-down
[==========] 1 test from 1 test suite ran. (0 ms total)
[  PASSED  ] 1 test.
<end of output>
Test time =   0.00 sec
----------------------------------------------------------
Test Passed.
"CopyOnWrite.Observers.UseCountIsTwoAfterCopyConstruction" end time: Apr 27 14:49 UTC
"CopyOnWrite.Observers.UseCountIsTwoAfterCopyConstruction" time elapsed: 00:00:00
----------------------------------------------------------

34/98 Testing: CopyOnWrite.Observers.UseCountDecrementsWhenSharingCopyIsDestroyed
34/98 Test: CopyOnWrite.Observers.UseCountDecrementsWhenSharingCopyIsDestroyed
Command: "/home/runner/work/copy-on-write/copy-on-write/build/tests/cow_tests" "--gtest_filter=Observers.UseCountDecrementsWhenSharingCopyIsDestroyed" "--gtest_also_run_disabled_tests"
Directory: /home/runner/work/copy-on-write/copy-on-write/build/tests
"CopyOnWrite.Observers.UseCountDecrementsWhenSharingCopyIsDestroyed" start time: Apr 27 14:49 UTC
Output:
----------------------------------------------------------
Running main() from ./googletest/src/gtest_main.cc
Note: Google Test filter = Observers.UseCountDecrementsWhenSharingCopyIsDestroyed
[==========] Running 1 test from 1 test suite.
[----------] Global test environment set-up.
[----------] 1 test from Observers
[ RUN      ] Observers.UseCountDecrementsWhenSharingCopyIsDestroyed
[       OK ] Observers.UseCountDecrementsWhenSharingCopyIsDestroyed (0 ms)
[----------] 1 test from Observers (0 ms total)

[----------] Global test environment tear-down
[==========] 1 test from 1 test suite ran. (0 ms total)
[  PASSED  ] 1 test.
<end of output>
Test time =   0.00 sec
----------------------------------------------------------
Test Passed.
"CopyOnWrite.Observers.UseCountDecrementsWhenSharingCopyIsDestroyed" end time: Apr 27 14:49 UTC
"CopyOnWrite.Observers.UseCountDecrementsWhenSharingCopyIsDestroyed" time elapsed: 00:00:00
----------------------------------------------------------

35/98 Testing: CopyOnWrite.Observers.UseCountIsOneAfterMoveConstruction
35/98 Test: CopyOnWrite.Observers.UseCountIsOneAfterMoveConstruction
Command: "/home/runner/work/copy-on-write/copy-on-write/build/tests/cow_tests" "--gtest_filter=Observers.UseCountIsOneAfterMoveConstruction" "--gtest_also_run_disabled_tests"
Directory: /home/runner/work/copy-on-write/copy-on-write/build/tests
"CopyOnWrite.Observers.UseCountIsOneAfterMoveConstruction" start time: Apr 27 14:49 UTC
Output:
----------------------------------------------------------
Running main() from ./googletest/src/gtest_main.cc
Note: Google Test filter = Observers.UseCountIsOneAfterMoveConstruction
[==========] Running 1 test from 1 test suite.
[----------] Global test environment set-up.
[----------] 1 test from Observers
[ RUN      ] Observers.UseCountIsOneAfterMoveConstruction
[       OK ] Observers.UseCountIsOneAfterMoveConstruction (0 ms)
[----------] 1 test from Observers (0 ms total)

[----------] Global test environment tear-down
[==========] 1 test from 1 test suite ran. (0 ms total)
[  PASSED  ] 1 test.
<end of output>
Test time =   0.00 sec
----------------------------------------------------------
Test Passed.
"CopyOnWrite.Observers.UseCountIsOneAfterMoveConstruction" end time: Apr 27 14:49 UTC
"CopyOnWrite.Observers.UseCountIsOneAfterMoveConstruction" time elapsed: 00:00:00
----------------------------------------------------------

36/98 Testing: CopyOnWrite.Observers.IdenticalToIsTrueForCopiesSharingBuffer
36/98 Test: CopyOnWrite.Observers.IdenticalToIsTrueForCopiesSharingBuffer
Command: "/home/runner/work/copy-on-write/copy-on-write/build/tests/cow_tests" "--gtest_filter=Observers.IdenticalToIsTrueForCopiesSharingBuffer" "--gtest_also_run_disabled_tests"
Directory: /home/runner/work/copy-on-write/copy-on-write/build/tests
"CopyOnWrite.Observers.IdenticalToIsTrueForCopiesSharingBuffer" start time: Apr 27 14:49 UTC
Output:
----------------------------------------------------------
Running main() from ./googletest/src/gtest_main.cc
Note: Google Test filter = Observers.IdenticalToIsTrueForCopiesSharingBuffer
[==========] Running 1 test from 1 test suite.
[----------] Global test environment set-up.
[----------] 1 test from Observers
[ RUN      ] Observers.IdenticalToIsTrueForCopiesSharingBuffer
[       OK ] Observers.IdenticalToIsTrueForCopiesSharingBuffer (0 ms)
[----------] 1 test from Observers (0 ms total)

[----------] Global test environment tear-down
[==========] 1 test from 1 test suite ran. (0 ms total)
[  PASSED  ] 1 test.
<end of output>
Test time =   0.00 sec
----------------------------------------------------------
Test Passed.
"CopyOnWrite.Observers.IdenticalToIsTrueForCopiesSharingBuffer" end time: Apr 27 14:49 UTC
"CopyOnWrite.Observers.IdenticalToIsTrueForCopiesSharingBuffer" time elapsed: 00:00:00
----------------------------------------------------------

37/98 Testing: CopyOnWrite.Observers.IdenticalToIsFalseForIndependentlyConstructedObjects
37/98 Test: CopyOnWrite.Observers.IdenticalToIsFalseForIndependentlyConstructedObjects
Command: "/home/runner/work/copy-on-write/copy-on-write/build/tests/cow_tests" "--gtest_filter=Observers.IdenticalToIsFalseForIndependentlyConstructedObjects" "--gtest_also_run_disabled_tests"
Directory: /home/runner/work/copy-on-write/copy-on-write/build/tests
"CopyOnWrite.Observers.IdenticalToIsFalseForIndependentlyConstructedObjects" start time: Apr 27 14:49 UTC
Output:
----------------------------------------------------------
Running main() from ./googletest/src/gtest_main.cc
Note: Google Test filter = Observers.IdenticalToIsFalseForIndependentlyConstructedObjects
[==========] Running 1 test from 1 test suite.
[----------] Global test environment set-up.
[----------] 1 test from Observers
[ RUN      ] Observers.IdenticalToIsFalseForIndependentlyConstructedObjects
[       OK ] Observers.IdenticalToIsFalseForIndependentlyConstructedObjects (0 ms)
[----------] 1 test from Observers (0 ms total)

[----------] Global test environment tear-down
[==========] 1 test from 1 test suite ran. (0 ms total)
[  PASSED  ] 1 test.
<end of output>
Test time =   0.00 sec
----------------------------------------------------------
Test Passed.
"CopyOnWrite.Observers.IdenticalToIsFalseForIndependentlyConstructedObjects" end time: Apr 27 14:49 UTC
"CopyOnWrite.Observers.IdenticalToIsFalseForIndependentlyConstructedObjects" time elapsed: 00:00:00
----------------------------------------------------------

38/98 Testing: CopyOnWrite.Observers.IdenticalToIsFalseAfterDetachViaModify
38/98 Test: CopyOnWrite.Observers.IdenticalToIsFalseAfterDetachViaModify
Command: "/home/runner/work/copy-on-write/copy-on-write/build/tests/cow_tests" "--gtest_filter=Observers.IdenticalToIsFalseAfterDetachViaModify" "--gtest_also_run_disabled_tests"
Directory: /home/runner/work/copy-on-write/copy-on-write/build/tests
"CopyOnWrite.Observers.IdenticalToIsFalseAfterDetachViaModify" start time: Apr 27 14:49 UTC
Output:
----------------------------------------------------------
Running main() from ./googletest/src/gtest_main.cc
Note: Google Test filter = Observers.IdenticalToIsFalseAfterDetachViaModify
[==========] Running 1 test from 1 test suite.
[----------] Global test environment set-up.
[----------] 1 test from Observers
[ RUN      ] Observers.IdenticalToIsFalseAfterDetachViaModify
[       OK ] Observers.IdenticalToIsFalseAfterDetachViaModify (0 ms)
[----------] 1 test from Observers (0 ms total)

[----------] Global test environment tear-down
[==========] 1 test from 1 test suite ran. (0 ms total)
[  PASSED  ] 1 test.
<end of output>
Test time =   0.00 sec
----------------------------------------------------------
Test Passed.
"CopyOnWrite.Observers.IdenticalToIsFalseAfterDetachViaModify" end time: Apr 27 14:49 UTC
"CopyOnWrite.Observers.IdenticalToIsFalseAfterDetachViaModify" time elapsed: 00:00:00
----------------------------------------------------------

39/98 Testing: CopyOnWrite.Modifiers.ModifyActionMutatesInPlaceWhenUnshared
39/98 Test: CopyOnWrite.Modifiers.ModifyActionMutatesInPlaceWhenUnshared
Command: "/home/runner/work/copy-on-write/copy-on-write/build/tests/cow_tests" "--gtest_filter=Modifiers.ModifyActionMutatesInPlaceWhenUnshared" "--gtest_also_run_disabled_tests"
Directory: /home/runner/work/copy-on-write/copy-on-write/build/tests
"CopyOnWrite.Modifiers.ModifyActionMutatesInPlaceWhenUnshared" start time: Apr 27 14:49 UTC
Output:
----------------------------------------------------------
Running main() from ./googletest/src/gtest_main.cc
Note: Google Test filter = Modifiers.ModifyActionMutatesInPlaceWhenUnshared
[==========] Running 1 test from 1 test suite.
[----------] Global test environment set-up.
[----------] 1 test from Modifiers
[ RUN      ] Modifiers.ModifyActionMutatesInPlaceWhenUnshared
[       OK ] Modifiers.ModifyActionMutatesInPlaceWhenUnshared (0 ms)
[----------] 1 test from Modifiers (0 ms total)

[----------] Global test environment tear-down
[==========] 1 test from 1 test suite ran. (0 ms total)
[  PASSED  ] 1 test.
<end of output>
Test time =   0.00 sec
----------------------------------------------------------
Test Passed.
"CopyOnWrite.Modifiers.ModifyActionMutatesInPlaceWhenUnshared" end time: Apr 27 14:49 UTC
"CopyOnWrite.Modifiers.ModifyActionMutatesInPlaceWhenUnshared" time elapsed: 00:00:00
----------------------------------------------------------

40/98 Testing: CopyOnWrite.Modifiers.ModifyActionDeepCopiesBeforeMutatingWhenShared
40/98 Test: CopyOnWrite.Modifiers.ModifyActionDeepCopiesBeforeMutatingWhenShared
Command: "/home/runner/work/copy-on-write/copy-on-write/build/tests/cow_tests" "--gtest_filter=Modifiers.ModifyActionDeepCopiesBeforeMutatingWhenShared" "--gtest_also_run_disabled_tests"
Directory: /home/runner/work/copy-on-write/copy-on-write/build/tests
"CopyOnWrite.Modifiers.ModifyActionDeepCopiesBeforeMutatingWhenShared" start time: Apr 27 14:49 UTC
Output:
----------------------------------------------------------
Running main() from ./googletest/src/gtest_main.cc
Note: Google Test filter = Modifiers.ModifyActionDeepCopiesBeforeMutatingWhenShared
[==========] Running 1 test from 1 test suite.
[----------] Global test environment set-up.
[----------] 1 test from Modifiers
[ RUN      ] Modifiers.ModifyActionDeepCopiesBeforeMutatingWhenShared
[       OK ] Modifiers.ModifyActionDeepCopiesBeforeMutatingWhenShared (0 ms)
[----------] 1 test from Modifiers (0 ms total)

[----------] Global test environment tear-down
[==========] 1 test from 1 test suite ran. (0 ms total)
[  PASSED  ] 1 test.
<end of output>
Test time =   0.00 sec
----------------------------------------------------------
Test Passed.
"CopyOnWrite.Modifiers.ModifyActionDeepCopiesBeforeMutatingWhenShared" end time: Apr 27 14:49 UTC
"CopyOnWrite.Modifiers.ModifyActionDeepCopiesBeforeMutatingWhenShared" time elapsed: 00:00:00
----------------------------------------------------------

41/98 Testing: CopyOnWrite.Modifiers.ModifyActionOnSharedLeavesOriginalUseCountAtOne
41/98 Test: CopyOnWrite.Modifiers.ModifyActionOnSharedLeavesOriginalUseCountAtOne
Command: "/home/runner/work/copy-on-write/copy-on-write/build/tests/cow_tests" "--gtest_filter=Modifiers.ModifyActionOnSharedLeavesOriginalUseCountAtOne" "--gtest_also_run_disabled_tests"
Directory: /home/runner/work/copy-on-write/copy-on-write/build/tests
"CopyOnWrite.Modifiers.ModifyActionOnSharedLeavesOriginalUseCountAtOne" start time: Apr 27 14:49 UTC
Output:
----------------------------------------------------------
Running main() from ./googletest/src/gtest_main.cc
Note: Google Test filter = Modifiers.ModifyActionOnSharedLeavesOriginalUseCountAtOne
[==========] Running 1 test from 1 test suite.
[----------] Global test environment set-up.
[----------] 1 test from Modifiers
[ RUN      ] Modifiers.ModifyActionOnSharedLeavesOriginalUseCountAtOne
[       OK ] Modifiers.ModifyActionOnSharedLeavesOriginalUseCountAtOne (0 ms)
[----------] 1 test from Modifiers (0 ms total)

[----------] Global test environment tear-down
[==========] 1 test from 1 test suite ran. (0 ms total)
[  PASSED  ] 1 test.
<end of output>
Test time =   0.00 sec
----------------------------------------------------------
Test Passed.
"CopyOnWrite.Modifiers.ModifyActionOnSharedLeavesOriginalUseCountAtOne" end time: Apr 27 14:49 UTC
"CopyOnWrite.Modifiers.ModifyActionOnSharedLeavesOriginalUseCountAtOne" time elapsed: 00:00:00
----------------------------------------------------------

42/98 Testing: CopyOnWrite.Modifiers.ModifyActionTransformCallsActionInPlaceWhenUnshared
42/98 Test: CopyOnWrite.Modifiers.ModifyActionTransformCallsActionInPlaceWhenUnshared
Command: "/home/runner/work/copy-on-write/copy-on-write/build/tests/cow_tests" "--gtest_filter=Modifiers.ModifyActionTransformCallsActionInPlaceWhenUnshared" "--gtest_also_run_disabled_tests"
Directory: /home/runner/work/copy-on-write/copy-on-write/build/tests
"CopyOnWrite.Modifiers.ModifyActionTransformCallsActionInPlaceWhenUnshared" start time: Apr 27 14:49 UTC
Output:
----------------------------------------------------------
Running main() from ./googletest/src/gtest_main.cc
Note: Google Test filter = Modifiers.ModifyActionTransformCallsActionInPlaceWhenUnshared
[==========] Running 1 test from 1 test suite.
[----------] Global test environment set-up.
[----------] 1 test from Modifiers
[ RUN      ] Modifiers.ModifyActionTransformCallsActionInPlaceWhenUnshared
[       OK ] Modifiers.ModifyActionTransformCallsActionInPlaceWhenUnshared (0 ms)
[----------] 1 test from Modifiers (0 ms total)

[----------] Global test environment tear-down
[==========] 1 test from 1 test suite ran. (0 ms total)
[  PASSED  ] 1 test.
<end of output>
Test time =   0.00 sec
----------------------------------------------------------
Test Passed.
"CopyOnWrite.Modifiers.ModifyActionTransformCallsActionInPlaceWhenUnshared" end time: Apr 27 14:49 UTC
"CopyOnWrite.Modifiers.ModifyActionTransformCallsActionInPlaceWhenUnshared" time elapsed: 00:00:00
----------------------------------------------------------

43/98 Testing: CopyOnWrite.Modifiers.ModifyActionTransformCallsTransformWhenShared
43/98 Test: CopyOnWrite.Modifiers.ModifyActionTransformCallsTransformWhenShared
Command: "/home/runner/work/copy-on-write/copy-on-write/build/tests/cow_tests" "--gtest_filter=Modifiers.ModifyActionTransformCallsTransformWhenShared" "--gtest_also_run_disabled_tests"
Directory: /home/runner/work/copy-on-write/copy-on-write/build/tests
"CopyOnWrite.Modifiers.ModifyActionTransformCallsTransformWhenShared" start time: Apr 27 14:49 UTC
Output:
----------------------------------------------------------
Running main() from ./googletest/src/gtest_main.cc
Note: Google Test filter = Modifiers.ModifyActionTransformCallsTransformWhenShared
[==========] Running 1 test from 1 test suite.
[----------] Global test environment set-up.
[----------] 1 test from Modifiers
[ RUN      ] Modifiers.ModifyActionTransformCallsTransformWhenShared
[       OK ] Modifiers.ModifyActionTransformCallsTransformWhenShared (0 ms)
[----------] 1 test from Modifiers (0 ms total)

[----------] Global test environment tear-down
[==========] 1 test from 1 test suite ran. (0 ms total)
[  PASSED  ] 1 test.
<end of output>
Test time =   0.00 sec
----------------------------------------------------------
Test Passed.
"CopyOnWrite.Modifiers.ModifyActionTransformCallsTransformWhenShared" end time: Apr 27 14:49 UTC
"CopyOnWrite.Modifiers.ModifyActionTransformCallsTransformWhenShared" time elapsed: 00:00:00
----------------------------------------------------------

44/98 Testing: CopyOnWrite.Modifiers.ModifyTransformProducesCorrectResultWhenUnshared
44/98 Test: CopyOnWrite.Modifiers.ModifyTransformProducesCorrectResultWhenUnshared
Command: "/home/runner/work/copy-on-write/copy-on-write/build/tests/cow_tests" "--gtest_filter=Modifiers.ModifyTransformProducesCorrectResultWhenUnshared" "--gtest_also_run_disabled_tests"
Directory: /home/runner/work/copy-on-write/copy-on-write/build/tests
"CopyOnWrite.Modifiers.ModifyTransformProducesCorrectResultWhenUnshared" start time: Apr 27 14:49 UTC
Output:
----------------------------------------------------------
Running main() from ./googletest/src/gtest_main.cc
Note: Google Test filter = Modifiers.ModifyTransformProducesCorrectResultWhenUnshared
[==========] Running 1 test from 1 test suite.
[----------] Global test environment set-up.
[----------] 1 test from Modifiers
[ RUN      ] Modifiers.ModifyTransformProducesCorrectResultWhenUnshared
[       OK ] Modifiers.ModifyTransformProducesCorrectResultWhenUnshared (0 ms)
[----------] 1 test from Modifiers (0 ms total)

[----------] Global test environment tear-down
[==========] 1 test from 1 test suite ran. (0 ms total)
[  PASSED  ] 1 test.
<end of output>
Test time =   0.00 sec
----------------------------------------------------------
Test Passed.
"CopyOnWrite.Modifiers.ModifyTransformProducesCorrectResultWhenUnshared" end time: Apr 27 14:49 UTC
"CopyOnWrite.Modifiers.ModifyTransformProducesCorrectResultWhenUnshared" time elapsed: 00:00:00
----------------------------------------------------------

45/98 Testing: CopyOnWrite.Modifiers.ModifyTransformProducesCorrectResultWhenShared
45/98 Test: CopyOnWrite.Modifiers.ModifyTransformProducesCorrectResultWhenShared
Command: "/home/runner/work/copy-on-write/copy-on-write/build/tests/cow_tests" "--gtest_filter=Modifiers.ModifyTransformProducesCorrectResultWhenShared" "--gtest_also_run_disabled_tests"
Directory: /home/runner/work/copy-on-write/copy-on-write/build/tests
"CopyOnWrite.Modifiers.ModifyTransformProducesCorrectResultWhenShared" start time: Apr 27 14:49 UTC
Output:
----------------------------------------------------------
Running main() from ./googletest/src/gtest_main.cc
Note: Google Test filter = Modifiers.ModifyTransformProducesCorrectResultWhenShared
[==========] Running 1 test from 1 test suite.
[----------] Global test environment set-up.
[----------] 1 test from Modifiers
[ RUN      ] Modifiers.ModifyTransformProducesCorrectResultWhenShared
[       OK ] Modifiers.ModifyTransformProducesCorrectResultWhenShared (0 ms)
[----------] 1 test from Modifiers (0 ms total)

[----------] Global test environment tear-down
[==========] 1 test from 1 test suite ran. (0 ms total)
[  PASSED  ] 1 test.
<end of output>
Test time =   0.00 sec
----------------------------------------------------------
Test Passed.
"CopyOnWrite.Modifiers.ModifyTransformProducesCorrectResultWhenShared" end time: Apr 27 14:49 UTC
"CopyOnWrite.Modifiers.ModifyTransformProducesCorrectResultWhenShared" time elapsed: 00:00:00
----------------------------------------------------------

46/98 Testing: CopyOnWrite.Modifiers.ModifyTransformBreaksSharingWhenShared
46/98 Test: CopyOnWrite.Modifiers.ModifyTransformBreaksSharingWhenShared
Command: "/home/runner/work/copy-on-write/copy-on-write/build/tests/cow_tests" "--gtest_filter=Modifiers.ModifyTransformBreaksSharingWhenShared" "--gtest_also_run_disabled_tests"
Directory: /home/runner/work/copy-on-write/copy-on-write/build/tests
"CopyOnWrite.Modifiers.ModifyTransformBreaksSharingWhenShared" start time: Apr 27 14:49 UTC
Output:
----------------------------------------------------------
Running main() from ./googletest/src/gtest_main.cc
Note: Google Test filter = Modifiers.ModifyTransformBreaksSharingWhenShared
[==========] Running 1 test from 1 test suite.
[----------] Global test environment set-up.
[----------] 1 test from Modifiers
[ RUN      ] Modifiers.ModifyTransformBreaksSharingWhenShared
[       OK ] Modifiers.ModifyTransformBreaksSharingWhenShared (0 ms)
[----------] 1 test from Modifiers (0 ms total)

[----------] Global test environment tear-down
[==========] 1 test from 1 test suite ran. (0 ms total)
[  PASSED  ] 1 test.
<end of output>
Test time =   0.00 sec
----------------------------------------------------------
Test Passed.
"CopyOnWrite.Modifiers.ModifyTransformBreaksSharingWhenShared" end time: Apr 27 14:49 UTC
"CopyOnWrite.Modifiers.ModifyTransformBreaksSharingWhenShared" time elapsed: 00:00:00
----------------------------------------------------------

47/98 Testing: CopyOnWrite.Modifiers.MemberSwapExchangesValues
47/98 Test: CopyOnWrite.Modifiers.MemberSwapExchangesValues
Command: "/home/runner/work/copy-on-write/copy-on-write/build/tests/cow_tests" "--gtest_filter=Modifiers.MemberSwapExchangesValues" "--gtest_also_run_disabled_tests"
Directory: /home/runner/work/copy-on-write/copy-on-write/build/tests
"CopyOnWrite.Modifiers.MemberSwapExchangesValues" start time: Apr 27 14:49 UTC
Output:
----------------------------------------------------------
Running main() from ./googletest/src/gtest_main.cc
Note: Google Test filter = Modifiers.MemberSwapExchangesValues
[==========] Running 1 test from 1 test suite.
[----------] Global test environment set-up.
[----------] 1 test from Modifiers
[ RUN      ] Modifiers.MemberSwapExchangesValues
[       OK ] Modifiers.MemberSwapExchangesValues (0 ms)
[----------] 1 test from Modifiers (0 ms total)

[----------] Global test environment tear-down
[==========] 1 test from 1 test suite ran. (0 ms total)
[  PASSED  ] 1 test.
<end of output>
Test time =   0.00 sec
----------------------------------------------------------
Test Passed.
"CopyOnWrite.Modifiers.MemberSwapExchangesValues" end time: Apr 27 14:49 UTC
"CopyOnWrite.Modifiers.MemberSwapExchangesValues" time elapsed: 00:00:00
----------------------------------------------------------

48/98 Testing: CopyOnWrite.Modifiers.MemberSwapWithValuelessObject
48/98 Test: CopyOnWrite.Modifiers.MemberSwapWithValuelessObject
Command: "/home/runner/work/copy-on-write/copy-on-write/build/tests/cow_tests" "--gtest_filter=Modifiers.MemberSwapWithValuelessObject" "--gtest_also_run_disabled_tests"
Directory: /home/runner/work/copy-on-write/copy-on-write/build/tests
"CopyOnWrite.Modifiers.MemberSwapWithValuelessObject" start time: Apr 27 14:49 UTC
Output:
----------------------------------------------------------
Running main() from ./googletest/src/gtest_main.cc
Note: Google Test filter = Modifiers.MemberSwapWithValuelessObject
[==========] Running 1 test from 1 test suite.
[----------] Global test environment set-up.
[----------] 1 test from Modifiers
[ RUN      ] Modifiers.MemberSwapWithValuelessObject
[       OK ] Modifiers.MemberSwapWithValuelessObject (0 ms)
[----------] 1 test from Modifiers (0 ms total)

[----------] Global test environment tear-down
[==========] 1 test from 1 test suite ran. (0 ms total)
[  PASSED  ] 1 test.
<end of output>
Test time =   0.00 sec
----------------------------------------------------------
Test Passed.
"CopyOnWrite.Modifiers.MemberSwapWithValuelessObject" end time: Apr 27 14:49 UTC
"CopyOnWrite.Modifiers.MemberSwapWithValuelessObject" time elapsed: 00:00:00
----------------------------------------------------------

49/98 Testing: CopyOnWrite.Modifiers.FreeSwapDelegatesToMemberSwap
49/98 Test: CopyOnWrite.Modifiers.FreeSwapDelegatesToMemberSwap
Command: "/home/runner/work/copy-on-write/copy-on-write/build/tests/cow_tests" "--gtest_filter=Modifiers.FreeSwapDelegatesToMemberSwap" "--gtest_also_run_disabled_tests"
Directory: /home/runner/work/copy-on-write/copy-on-write/build/tests
"CopyOnWrite.Modifiers.FreeSwapDelegatesToMemberSwap" start time: Apr 27 14:49 UTC
Output:
----------------------------------------------------------
Running main() from ./googletest/src/gtest_main.cc
Note: Google Test filter = Modifiers.FreeSwapDelegatesToMemberSwap
[==========] Running 1 test from 1 test suite.
[----------] Global test environment set-up.
[----------] 1 test from Modifiers
[ RUN      ] Modifiers.FreeSwapDelegatesToMemberSwap
[       OK ] Modifiers.FreeSwapDelegatesToMemberSwap (0 ms)
[----------] 1 test from Modifiers (0 ms total)

[----------] Global test environment tear-down
[==========] 1 test from 1 test suite ran. (0 ms total)
[  PASSED  ] 1 test.
<end of output>
Test time =   0.00 sec
----------------------------------------------------------
Test Passed.
"CopyOnWrite.Modifiers.FreeSwapDelegatesToMemberSwap" end time: Apr 27 14:49 UTC
"CopyOnWrite.Modifiers.FreeSwapDelegatesToMemberSwap" time elapsed: 00:00:00
----------------------------------------------------------

50/98 Testing: CopyOnWrite.Assignment.CopyAssignmentSetsValue
50/98 Test: CopyOnWrite.Assignment.CopyAssignmentSetsValue
Command: "/home/runner/work/copy-on-write/copy-on-write/build/tests/cow_tests" "--gtest_filter=Assignment.CopyAssignmentSetsValue" "--gtest_also_run_disabled_tests"
Directory: /home/runner/work/copy-on-write/copy-on-write/build/tests
"CopyOnWrite.Assignment.CopyAssignmentSetsValue" start time: Apr 27 14:49 UTC
Output:
----------------------------------------------------------
Running main() from ./googletest/src/gtest_main.cc
Note: Google Test filter = Assignment.CopyAssignmentSetsValue
[==========] Running 1 test from 1 test suite.
[----------] Global test environment set-up.
[----------] 1 test from Assignment
[ RUN      ] Assignment.CopyAssignmentSetsValue
[       OK ] Assignment.CopyAssignmentSetsValue (0 ms)
[----------] 1 test from Assignment (0 ms total)

[----------] Global test environment tear-down
[==========] 1 test from 1 test suite ran. (0 ms total)
[  PASSED  ] 1 test.
<end of output>
Test time =   0.00 sec
----------------------------------------------------------
Test Passed.
"CopyOnWrite.Assignment.CopyAssignmentSetsValue" end time: Apr 27 14:49 UTC
"CopyOnWrite.Assignment.CopyAssignmentSetsValue" time elapsed: 00:00:00
----------------------------------------------------------

51/98 Testing: CopyOnWrite.Assignment.CopyAssignmentSharesOwnership
51/98 Test: CopyOnWrite.Assignment.CopyAssignmentSharesOwnership
Command: "/home/runner/work/copy-on-write/copy-on-write/build/tests/cow_tests" "--gtest_filter=Assignment.CopyAssignmentSharesOwnership" "--gtest_also_run_disabled_tests"
Directory: /home/runner/work/copy-on-write/copy-on-write/build/tests
"CopyOnWrite.Assignment.CopyAssignmentSharesOwnership" start time: Apr 27 14:49 UTC
Output:
----------------------------------------------------------
Running main() from ./googletest/src/gtest_main.cc
Note: Google Test filter = Assignment.CopyAssignmentSharesOwnership
[==========] Running 1 test from 1 test suite.
[----------] Global test environment set-up.
[----------] 1 test from Assignment
[ RUN      ] Assignment.CopyAssignmentSharesOwnership
[       OK ] Assignment.CopyAssignmentSharesOwnership (0 ms)
[----------] 1 test from Assignment (0 ms total)

[----------] Global test environment tear-down
[==========] 1 test from 1 test suite ran. (0 ms total)
[  PASSED  ] 1 test.
<end of output>
Test time =   0.00 sec
----------------------------------------------------------
Test Passed.
"CopyOnWrite.Assignment.CopyAssignmentSharesOwnership" end time: Apr 27 14:49 UTC
"CopyOnWrite.Assignment.CopyAssignmentSharesOwnership" time elapsed: 00:00:00
----------------------------------------------------------

52/98 Testing: CopyOnWrite.Assignment.CopySelfAssignmentIsNoOp
52/98 Test: CopyOnWrite.Assignment.CopySelfAssignmentIsNoOp
Command: "/home/runner/work/copy-on-write/copy-on-write/build/tests/cow_tests" "--gtest_filter=Assignment.CopySelfAssignmentIsNoOp" "--gtest_also_run_disabled_tests"
Directory: /home/runner/work/copy-on-write/copy-on-write/build/tests
"CopyOnWrite.Assignment.CopySelfAssignmentIsNoOp" start time: Apr 27 14:49 UTC
Output:
----------------------------------------------------------
Running main() from ./googletest/src/gtest_main.cc
Note: Google Test filter = Assignment.CopySelfAssignmentIsNoOp
[==========] Running 1 test from 1 test suite.
[----------] Global test environment set-up.
[----------] 1 test from Assignment
[ RUN      ] Assignment.CopySelfAssignmentIsNoOp
[       OK ] Assignment.CopySelfAssignmentIsNoOp (0 ms)
[----------] 1 test from Assignment (0 ms total)

[----------] Global test environment tear-down
[==========] 1 test from 1 test suite ran. (0 ms total)
[  PASSED  ] 1 test.
<end of output>
Test time =   0.00 sec
----------------------------------------------------------
Test Passed.
"CopyOnWrite.Assignment.CopySelfAssignmentIsNoOp" end time: Apr 27 14:49 UTC
"CopyOnWrite.Assignment.CopySelfAssignmentIsNoOp" time elapsed: 00:00:00
----------------------------------------------------------

53/98 Testing: CopyOnWrite.Assignment.CopyAssignmentReleasesOldValue
53/98 Test: CopyOnWrite.Assignment.CopyAssignmentReleasesOldValue
Command: "/home/runner/work/copy-on-write/copy-on-write/build/tests/cow_tests" "--gtest_filter=Assignment.CopyAssignmentReleasesOldValue" "--gtest_also_run_disabled_tests"
Directory: /home/runner/work/copy-on-write/copy-on-write/build/tests
"CopyOnWrite.Assignment.CopyAssignmentReleasesOldValue" start time: Apr 27 14:49 UTC
Output:
----------------------------------------------------------
Running main() from ./googletest/src/gtest_main.cc
Note: Google Test filter = Assignment.CopyAssignmentReleasesOldValue
[==========] Running 1 test from 1 test suite.
[----------] Global test environment set-up.
[----------] 1 test from Assignment
[ RUN      ] Assignment.CopyAssignmentReleasesOldValue
[       OK ] Assignment.CopyAssignmentReleasesOldValue (0 ms)
[----------] 1 test from Assignment (0 ms total)

[----------] Global test environment tear-down
[==========] 1 test from 1 test suite ran. (0 ms total)
[  PASSED  ] 1 test.
<end of output>
Test time =   0.00 sec
----------------------------------------------------------
Test Passed.
"CopyOnWrite.Assignment.CopyAssignmentReleasesOldValue" end time: Apr 27 14:49 UTC
"CopyOnWrite.Assignment.CopyAssignmentReleasesOldValue" time elapsed: 00:00:00
----------------------------------------------------------

54/98 Testing: CopyOnWrite.Assignment.CopyAssignmentFromValuelessMakesTargetValueless
54/98 Test: CopyOnWrite.Assignment.CopyAssignmentFromValuelessMakesTargetValueless
Command: "/home/runner/work/copy-on-write/copy-on-write/build/tests/cow_tests" "--gtest_filter=Assignment.CopyAssignmentFromValuelessMakesTargetValueless" "--gtest_also_run_disabled_tests"
Directory: /home/runner/work/copy-on-write/copy-on-write/build/tests
"CopyOnWrite.Assignment.CopyAssignmentFromValuelessMakesTargetValueless" start time: Apr 27 14:49 UTC
Output:
----------------------------------------------------------
Running main() from ./googletest/src/gtest_main.cc
Note: Google Test filter = Assignment.CopyAssignmentFromValuelessMakesTargetValueless
[==========] Running 1 test from 1 test suite.
[----------] Global test environment set-up.
[----------] 1 test from Assignment
[ RUN      ] Assignment.CopyAssignmentFromValuelessMakesTargetValueless
[       OK ] Assignment.CopyAssignmentFromValuelessMakesTargetValueless (0 ms)
[----------] 1 test from Assignment (0 ms total)

[----------] Global test environment tear-down
[==========] 1 test from 1 test suite ran. (0 ms total)
[  PASSED  ] 1 test.
<end of output>
Test time =   0.00 sec
----------------------------------------------------------
Test Passed.
"CopyOnWrite.Assignment.CopyAssignmentFromValuelessMakesTargetValueless" end time: Apr 27 14:49 UTC
"CopyOnWrite.Assignment.CopyAssignmentFromValuelessMakesTargetValueless" time elapsed: 00:00:00
----------------------------------------------------------

55/98 Testing: CopyOnWrite.Assignment.MoveAssignmentTransfersValue
55/98 Test: CopyOnWrite.Assignment.MoveAssignmentTransfersValue
Command: "/home/runner/work/copy-on-write/copy-on-write/build/tests/cow_tests" "--gtest_filter=Assignment.MoveAssignmentTransfersValue" "--gtest_also_run_disabled_tests"
Directory: /home/runner/work/copy-on-write/copy-on-write/build/tests
"CopyOnWrite.Assignment.MoveAssignmentTransfersValue" start time: Apr 27 14:49 UTC
Output:
----------------------------------------------------------
Running main() from ./googletest/src/gtest_main.cc
Note: Google Test filter = Assignment.MoveAssignmentTransfersValue
[==========] Running 1 test from 1 test suite.
[----------] Global test environment set-up.
[----------] 1 test from Assignment
[ RUN      ] Assignment.MoveAssignmentTransfersValue
[       OK ] Assignment.MoveAssignmentTransfersValue (0 ms)
[----------] 1 test from Assignment (0 ms total)

[----------] Global test environment tear-down
[==========] 1 test from 1 test suite ran. (0 ms total)
[  PASSED  ] 1 test.
<end of output>
Test time =   0.00 sec
----------------------------------------------------------
Test Passed.
"CopyOnWrite.Assignment.MoveAssignmentTransfersValue" end time: Apr 27 14:49 UTC
"CopyOnWrite.Assignment.MoveAssignmentTransfersValue" time elapsed: 00:00:00
----------------------------------------------------------

56/98 Testing: CopyOnWrite.Assignment.MoveSelfAssignmentIsNoOp
56/98 Test: CopyOnWrite.Assignment.MoveSelfAssignmentIsNoOp
Command: "/home/runner/work/copy-on-write/copy-on-write/build/tests/cow_tests" "--gtest_filter=Assignment.MoveSelfAssignmentIsNoOp" "--gtest_also_run_disabled_tests"
Directory: /home/runner/work/copy-on-write/copy-on-write/build/tests
"CopyOnWrite.Assignment.MoveSelfAssignmentIsNoOp" start time: Apr 27 14:49 UTC
Output:
----------------------------------------------------------
Running main() from ./googletest/src/gtest_main.cc
Note: Google Test filter = Assignment.MoveSelfAssignmentIsNoOp
[==========] Running 1 test from 1 test suite.
[...]
Test time =   0.00 sec
----------------------------------------------------------
Test Passed.
"CopyOnWrite.Hash.UsableAsKeyInUnorderedMap" end time: Apr 27 14:49 UTC
"CopyOnWrite.Hash.UsableAsKeyInUnorderedMap" time elapsed: 00:00:00
----------------------------------------------------------

86/98 Testing: CopyOnWrite.Allocator.ExactlyOneAllocationPerConstructedObject
86/98 Test: CopyOnWrite.Allocator.ExactlyOneAllocationPerConstructedObject
Command: "/home/runner/work/copy-on-write/copy-on-write/build/tests/cow_tests" "--gtest_filter=Allocator.ExactlyOneAllocationPerConstructedObject" "--gtest_also_run_disabled_tests"
Directory: /home/runner/work/copy-on-write/copy-on-write/build/tests
"CopyOnWrite.Allocator.ExactlyOneAllocationPerConstructedObject" start time: Apr 27 14:49 UTC
Output:
----------------------------------------------------------
Running main() from ./googletest/src/gtest_main.cc
Note: Google Test filter = Allocator.ExactlyOneAllocationPerConstructedObject
[==========] Running 1 test from 1 test suite.
[----------] Global test environment set-up.
[----------] 1 test from Allocator
[ RUN      ] Allocator.ExactlyOneAllocationPerConstructedObject
[       OK ] Allocator.ExactlyOneAllocationPerConstructedObject (0 ms)
[----------] 1 test from Allocator (0 ms total)

[----------] Global test environment tear-down
[==========] 1 test from 1 test suite ran. (0 ms total)
[  PASSED  ] 1 test.
<end of output>
Test time =   0.00 sec
----------------------------------------------------------
Test Passed.
"CopyOnWrite.Allocator.ExactlyOneAllocationPerConstructedObject" end time: Apr 27 14:49 UTC
"CopyOnWrite.Allocator.ExactlyOneAllocationPerConstructedObject" time elapsed: 00:00:00
----------------------------------------------------------

87/98 Testing: CopyOnWrite.Allocator.DestructorDeallocatesWhenUseCountDropsToZero
87/98 Test: CopyOnWrite.Allocator.DestructorDeallocatesWhenUseCountDropsToZero
Command: "/home/runner/work/copy-on-write/copy-on-write/build/tests/cow_tests" "--gtest_filter=Allocator.DestructorDeallocatesWhenUseCountDropsToZero" "--gtest_also_run_disabled_tests"
Directory: /home/runner/work/copy-on-write/copy-on-write/build/tests
"CopyOnWrite.Allocator.DestructorDeallocatesWhenUseCountDropsToZero" start time: Apr 27 14:49 UTC
Output:
----------------------------------------------------------
Running main() from ./googletest/src/gtest_main.cc
Note: Google Test filter = Allocator.DestructorDeallocatesWhenUseCountDropsToZero
[==========] Running 1 test from 1 test suite.
[----------] Global test environment set-up.
[----------] 1 test from Allocator
[ RUN      ] Allocator.DestructorDeallocatesWhenUseCountDropsToZero
[       OK ] Allocator.DestructorDeallocatesWhenUseCountDropsToZero (0 ms)
[----------] 1 test from Allocator (0 ms total)

[----------] Global test environment tear-down
[==========] 1 test from 1 test suite ran. (0 ms total)
[  PASSED  ] 1 test.
<end of output>
Test time =   0.00 sec
----------------------------------------------------------
Test Passed.
"CopyOnWrite.Allocator.DestructorDeallocatesWhenUseCountDropsToZero" end time: Apr 27 14:49 UTC
"CopyOnWrite.Allocator.DestructorDeallocatesWhenUseCountDropsToZero" time elapsed: 00:00:00
----------------------------------------------------------

88/98 Testing: CopyOnWrite.Allocator.CopyWithSameAllocatorSharesModel
88/98 Test: CopyOnWrite.Allocator.CopyWithSameAllocatorSharesModel
Command: "/home/runner/work/copy-on-write/copy-on-write/build/tests/cow_tests" "--gtest_filter=Allocator.CopyWithSameAllocatorSharesModel" "--gtest_also_run_disabled_tests"
Directory: /home/runner/work/copy-on-write/copy-on-write/build/tests
"CopyOnWrite.Allocator.CopyWithSameAllocatorSharesModel" start time: Apr 27 14:49 UTC
Output:
----------------------------------------------------------
Running main() from ./googletest/src/gtest_main.cc
Note: Google Test filter = Allocator.CopyWithSameAllocatorSharesModel
[==========] Running 1 test from 1 test suite.
[----------] Global test environment set-up.
[----------] 1 test from Allocator
[ RUN      ] Allocator.CopyWithSameAllocatorSharesModel
[       OK ] Allocator.CopyWithSameAllocatorSharesModel (0 ms)
[----------] 1 test from Allocator (0 ms total)

[----------] Global test environment tear-down
[==========] 1 test from 1 test suite ran. (0 ms total)
[  PASSED  ] 1 test.
<end of output>
Test time =   0.00 sec
----------------------------------------------------------
Test Passed.
"CopyOnWrite.Allocator.CopyWithSameAllocatorSharesModel" end time: Apr 27 14:49 UTC
"CopyOnWrite.Allocator.CopyWithSameAllocatorSharesModel" time elapsed: 00:00:00
----------------------------------------------------------

89/98 Testing: CopyOnWrite.Allocator.CopyWithDifferentAllocatorAllocatesNewModel
89/98 Test: CopyOnWrite.Allocator.CopyWithDifferentAllocatorAllocatesNewModel
Command: "/home/runner/work/copy-on-write/copy-on-write/build/tests/cow_tests" "--gtest_filter=Allocator.CopyWithDifferentAllocatorAllocatesNewModel" "--gtest_also_run_disabled_tests"
Directory: /home/runner/work/copy-on-write/copy-on-write/build/tests
"CopyOnWrite.Allocator.CopyWithDifferentAllocatorAllocatesNewModel" start time: Apr 27 14:49 UTC
Output:
----------------------------------------------------------
Running main() from ./googletest/src/gtest_main.cc
Note: Google Test filter = Allocator.CopyWithDifferentAllocatorAllocatesNewModel
[==========] Running 1 test from 1 test suite.
[----------] Global test environment set-up.
[----------] 1 test from Allocator
[ RUN      ] Allocator.CopyWithDifferentAllocatorAllocatesNewModel
[       OK ] Allocator.CopyWithDifferentAllocatorAllocatesNewModel (0 ms)
[----------] 1 test from Allocator (0 ms total)

[----------] Global test environment tear-down
[==========] 1 test from 1 test suite ran. (0 ms total)
[  PASSED  ] 1 test.
<end of output>
Test time =   0.00 sec
----------------------------------------------------------
Test Passed.
"CopyOnWrite.Allocator.CopyWithDifferentAllocatorAllocatesNewModel" end time: Apr 27 14:49 UTC
"CopyOnWrite.Allocator.CopyWithDifferentAllocatorAllocatesNewModel" time elapsed: 00:00:00
----------------------------------------------------------

90/98 Testing: CopyOnWrite.Allocator.PoccaAllocatorIsPropagatedOnCopyAssignment
90/98 Test: CopyOnWrite.Allocator.PoccaAllocatorIsPropagatedOnCopyAssignment
Command: "/home/runner/work/copy-on-write/copy-on-write/build/tests/cow_tests" "--gtest_filter=Allocator.PoccaAllocatorIsPropagatedOnCopyAssignment" "--gtest_also_run_disabled_tests"
Directory: /home/runner/work/copy-on-write/copy-on-write/build/tests
"CopyOnWrite.Allocator.PoccaAllocatorIsPropagatedOnCopyAssignment" start time: Apr 27 14:49 UTC
Output:
----------------------------------------------------------
Running main() from ./googletest/src/gtest_main.cc
Note: Google Test filter = Allocator.PoccaAllocatorIsPropagatedOnCopyAssignment
[==========] Running 1 test from 1 test suite.
[----------] Global test environment set-up.
[----------] 1 test from Allocator
[ RUN      ] Allocator.PoccaAllocatorIsPropagatedOnCopyAssignment
[       OK ] Allocator.PoccaAllocatorIsPropagatedOnCopyAssignment (0 ms)
[----------] 1 test from Allocator (0 ms total)

[----------] Global test environment tear-down
[==========] 1 test from 1 test suite ran. (0 ms total)
[  PASSED  ] 1 test.
<end of output>
Test time =   0.00 sec
----------------------------------------------------------
Test Passed.
"CopyOnWrite.Allocator.PoccaAllocatorIsPropagatedOnCopyAssignment" end time: Apr 27 14:49 UTC
"CopyOnWrite.Allocator.PoccaAllocatorIsPropagatedOnCopyAssignment" time elapsed: 00:00:00
----------------------------------------------------------

91/98 Testing: CopyOnWrite.Allocator.PocmaAllocatorIsPropagatedOnMoveAssignment
91/98 Test: CopyOnWrite.Allocator.PocmaAllocatorIsPropagatedOnMoveAssignment
Command: "/home/runner/work/copy-on-write/copy-on-write/build/tests/cow_tests" "--gtest_filter=Allocator.PocmaAllocatorIsPropagatedOnMoveAssignment" "--gtest_also_run_disabled_tests"
Directory: /home/runner/work/copy-on-write/copy-on-write/build/tests
"CopyOnWrite.Allocator.PocmaAllocatorIsPropagatedOnMoveAssignment" start time: Apr 27 14:49 UTC
Output:
----------------------------------------------------------
Running main() from ./googletest/src/gtest_main.cc
Note: Google Test filter = Allocator.PocmaAllocatorIsPropagatedOnMoveAssignment
[==========] Running 1 test from 1 test suite.
[----------] Global test environment set-up.
[----------] 1 test from Allocator
[ RUN      ] Allocator.PocmaAllocatorIsPropagatedOnMoveAssignment
[       OK ] Allocator.PocmaAllocatorIsPropagatedOnMoveAssignment (0 ms)
[----------] 1 test from Allocator (0 ms total)

[----------] Global test environment tear-down
[==========] 1 test from 1 test suite ran. (0 ms total)
[  PASSED  ] 1 test.
<end of output>
Test time =   0.00 sec
----------------------------------------------------------
Test Passed.
"CopyOnWrite.Allocator.PocmaAllocatorIsPropagatedOnMoveAssignment" end time: Apr 27 14:49 UTC
"CopyOnWrite.Allocator.PocmaAllocatorIsPropagatedOnMoveAssignment" time elapsed: 00:00:00
----------------------------------------------------------

92/98 Testing: CopyOnWrite.Allocator.WithoutPocmaMoveAssignmentMovesValue
92/98 Test: CopyOnWrite.Allocator.WithoutPocmaMoveAssignmentMovesValue
Command: "/home/runner/work/copy-on-write/copy-on-write/build/tests/cow_tests" "--gtest_filter=Allocator.WithoutPocmaMoveAssignmentMovesValue" "--gtest_also_run_disabled_tests"
Directory: /home/runner/work/copy-on-write/copy-on-write/build/tests
"CopyOnWrite.Allocator.WithoutPocmaMoveAssignmentMovesValue" start time: Apr 27 14:49 UTC
Output:
----------------------------------------------------------
Running main() from ./googletest/src/gtest_main.cc
Note: Google Test filter = Allocator.WithoutPocmaMoveAssignmentMovesValue
[==========] Running 1 test from 1 test suite.
[----------] Global test environment set-up.
[----------] 1 test from Allocator
[ RUN      ] Allocator.WithoutPocmaMoveAssignmentMovesValue
[       OK ] Allocator.WithoutPocmaMoveAssignmentMovesValue (0 ms)
[----------] 1 test from Allocator (0 ms total)

[----------] Global test environment tear-down
[==========] 1 test from 1 test suite ran. (0 ms total)
[  PASSED  ] 1 test.
<end of output>
Test time =   0.00 sec
----------------------------------------------------------
Test Passed.
"CopyOnWrite.Allocator.WithoutPocmaMoveAssignmentMovesValue" end time: Apr 27 14:49 UTC
"CopyOnWrite.Allocator.WithoutPocmaMoveAssignmentMovesValue" time elapsed: 00:00:00
----------------------------------------------------------

93/98 Testing: CopyOnWrite.Allocator.PocsAllocatorsAreSwappedOnMemberSwap
93/98 Test: CopyOnWrite.Allocator.PocsAllocatorsAreSwappedOnMemberSwap
Command: "/home/runner/work/copy-on-write/copy-on-write/build/tests/cow_tests" "--gtest_filter=Allocator.PocsAllocatorsAreSwappedOnMemberSwap" "--gtest_also_run_disabled_tests"
Directory: /home/runner/work/copy-on-write/copy-on-write/build/tests
"CopyOnWrite.Allocator.PocsAllocatorsAreSwappedOnMemberSwap" start time: Apr 27 14:49 UTC
Output:
----------------------------------------------------------
Running main() from ./googletest/src/gtest_main.cc
Note: Google Test filter = Allocator.PocsAllocatorsAreSwappedOnMemberSwap
[==========] Running 1 test from 1 test suite.
[----------] Global test environment set-up.
[----------] 1 test from Allocator
[ RUN      ] Allocator.PocsAllocatorsAreSwappedOnMemberSwap
[       OK ] Allocator.PocsAllocatorsAreSwappedOnMemberSwap (0 ms)
[----------] 1 test from Allocator (0 ms total)

[----------] Global test environment tear-down
[==========] 1 test from 1 test suite ran. (0 ms total)
[  PASSED  ] 1 test.
<end of output>
Test time =   0.00 sec
----------------------------------------------------------
Test Passed.
"CopyOnWrite.Allocator.PocsAllocatorsAreSwappedOnMemberSwap" end time: Apr 27 14:49 UTC
"CopyOnWrite.Allocator.PocsAllocatorsAreSwappedOnMemberSwap" time elapsed: 00:00:00
----------------------------------------------------------

94/98 Testing: CopyOnWrite.Allocator.PmrCopyOnWriteWorksWithMonotonicBufferResource
94/98 Test: CopyOnWrite.Allocator.PmrCopyOnWriteWorksWithMonotonicBufferResource
Command: "/home/runner/work/copy-on-write/copy-on-write/build/tests/cow_tests" "--gtest_filter=Allocator.PmrCopyOnWriteWorksWithMonotonicBufferResource" "--gtest_also_run_disabled_tests"
Directory: /home/runner/work/copy-on-write/copy-on-write/build/tests
"CopyOnWrite.Allocator.PmrCopyOnWriteWorksWithMonotonicBufferResource" start time: Apr 27 14:49 UTC
Output:
----------------------------------------------------------
Running main() from ./googletest/src/gtest_main.cc
Note: Google Test filter = Allocator.PmrCopyOnWriteWorksWithMonotonicBufferResource
[==========] Running 1 test from 1 test suite.
[----------] Global test environment set-up.
[----------] 1 test from Allocator
[ RUN      ] Allocator.PmrCopyOnWriteWorksWithMonotonicBufferResource
[       OK ] Allocator.PmrCopyOnWriteWorksWithMonotonicBufferResource (0 ms)
[----------] 1 test from Allocator (0 ms total)

[----------] Global test environment tear-down
[==========] 1 test from 1 test suite ran. (0 ms total)
[  PASSED  ] 1 test.
<end of output>
Test time =   0.00 sec
----------------------------------------------------------
Test Passed.
"CopyOnWrite.Allocator.PmrCopyOnWriteWorksWithMonotonicBufferResource" end time: Apr 27 14:49 UTC
"CopyOnWrite.Allocator.PmrCopyOnWriteWorksWithMonotonicBufferResource" time elapsed: 00:00:00
----------------------------------------------------------

95/98 Testing: CopyOnWrite.Allocator.PmrCopyOnWriteCopySharesModel
95/98 Test: CopyOnWrite.Allocator.PmrCopyOnWriteCopySharesModel
Command: "/home/runner/work/copy-on-write/copy-on-write/build/tests/cow_tests" "--gtest_filter=Allocator.PmrCopyOnWriteCopySharesModel" "--gtest_also_run_disabled_tests"
Directory: /home/runner/work/copy-on-write/copy-on-write/build/tests
"CopyOnWrite.Allocator.PmrCopyOnWriteCopySharesModel" start time: Apr 27 14:49 UTC
Output:
----------------------------------------------------------
Running main() from ./googletest/src/gtest_main.cc
Note: Google Test filter = Allocator.PmrCopyOnWriteCopySharesModel
[==========] Running 1 test from 1 test suite.
[----------] Global test environment set-up.
[----------] 1 test from Allocator
[ RUN      ] Allocator.PmrCopyOnWriteCopySharesModel
[       OK ] Allocator.PmrCopyOnWriteCopySharesModel (0 ms)
[----------] 1 test from Allocator (0 ms total)

[----------] Global test environment tear-down
[==========] 1 test from 1 test suite ran. (0 ms total)
[  PASSED  ] 1 test.
<end of output>
Test time =   0.00 sec
----------------------------------------------------------
Test Passed.
"CopyOnWrite.Allocator.PmrCopyOnWriteCopySharesModel" end time: Apr 27 14:49 UTC
"CopyOnWrite.Allocator.PmrCopyOnWriteCopySharesModel" time elapsed: 00:00:00
----------------------------------------------------------

96/98 Testing: CopyOnWrite.Allocator.AllocArgMoveConstructorDifferentAllocatorAllocatesNewModel
96/98 Test: CopyOnWrite.Allocator.AllocArgMoveConstructorDifferentAllocatorAllocatesNewModel
Command: "/home/runner/work/copy-on-write/copy-on-write/build/tests/cow_tests" "--gtest_filter=Allocator.AllocArgMoveConstructorDifferentAllocatorAllocatesNewModel" "--gtest_also_run_disabled_tests"
Directory: /home/runner/work/copy-on-write/copy-on-write/build/tests
"CopyOnWrite.Allocator.AllocArgMoveConstructorDifferentAllocatorAllocatesNewModel" start time: Apr 27 14:49 UTC
Output:
----------------------------------------------------------
Running main() from ./googletest/src/gtest_main.cc
Note: Google Test filter = Allocator.AllocArgMoveConstructorDifferentAllocatorAllocatesNewModel
[==========] Running 1 test from 1 test suite.
[----------] Global test environment set-up.
[----------] 1 test from Allocator
[ RUN      ] Allocator.AllocArgMoveConstructorDifferentAllocatorAllocatesNewModel
[       OK ] Allocator.AllocArgMoveConstructorDifferentAllocatorAllocatesNewModel (0 ms)
[----------] 1 test from Allocator (0 ms total)

[----------] Global test environment tear-down
[==========] 1 test from 1 test suite ran. (0 ms total)
[  PASSED  ] 1 test.
<end of output>
Test time =   0.00 sec
----------------------------------------------------------
Test Passed.
"CopyOnWrite.Allocator.AllocArgMoveConstructorDifferentAllocatorAllocatesNewModel" end time: Apr 27 14:49 UTC
"CopyOnWrite.Allocator.AllocArgMoveConstructorDifferentAllocatorAllocatesNewModel" time elapsed: 00:00:00
----------------------------------------------------------

97/98 Testing: CopyOnWrite.Allocator.CopyConstructorWithDivergingAllocatorAllocatesNewModel
97/98 Test: CopyOnWrite.Allocator.CopyConstructorWithDivergingAllocatorAllocatesNewModel
Command: "/home/runner/work/copy-on-write/copy-on-write/build/tests/cow_tests" "--gtest_filter=Allocator.CopyConstructorWithDivergingAllocatorAllocatesNewModel" "--gtest_also_run_disabled_tests"
Directory: /home/runner/work/copy-on-write/copy-on-write/build/tests
"CopyOnWrite.Allocator.CopyConstructorWithDivergingAllocatorAllocatesNewModel" start time: Apr 27 14:49 UTC
Output:
----------------------------------------------------------
Running main() from ./googletest/src/gtest_main.cc
Note: Google Test filter = Allocator.CopyConstructorWithDivergingAllocatorAllocatesNewModel
[==========] Running 1 test from 1 test suite.
[----------] Global test environment set-up.
[----------] 1 test from Allocator
[ RUN      ] Allocator.CopyConstructorWithDivergingAllocatorAllocatesNewModel
[       OK ] Allocator.CopyConstructorWithDivergingAllocatorAllocatesNewModel (0 ms)
[----------] 1 test from Allocator (0 ms total)

[----------] Global test environment tear-down
[==========] 1 test from 1 test suite ran. (0 ms total)
[  PASSED  ] 1 test.
<end of output>
Test time =   0.00 sec
----------------------------------------------------------
Test Passed.
"CopyOnWrite.Allocator.CopyConstructorWithDivergingAllocatorAllocatesNewModel" end time: Apr 27 14:49 UTC
"CopyOnWrite.Allocator.CopyConstructorWithDivergingAllocatorAllocatesNewModel" time elapsed: 00:00:00
----------------------------------------------------------

98/98 Testing: CopyOnWrite.Allocator.CopyAssignmentWithDifferentNonPropagatingAllocatorAllocatesNewModel
98/98 Test: CopyOnWrite.Allocator.CopyAssignmentWithDifferentNonPropagatingAllocatorAllocatesNewModel
Command: "/home/runner/work/copy-on-write/copy-on-write/build/tests/cow_tests" "--gtest_filter=Allocator.CopyAssignmentWithDifferentNonPropagatingAllocatorAllocatesNewModel" "--gtest_also_run_disabled_tests"
Directory: /home/runner/work/copy-on-write/copy-on-write/build/tests
"CopyOnWrite.Allocator.CopyAssignmentWithDifferentNonPropagatingAllocatorAllocatesNewModel" start time: Apr 27 14:49 UTC
Output:
----------------------------------------------------------
Running main() from ./googletest/src/gtest_main.cc
Note: Google Test filter = Allocator.CopyAssignmentWithDifferentNonPropagatingAllocatorAllocatesNewModel
[==========] Running 1 test from 1 test suite.
[----------] Global test environment set-up.
[----------] 1 test from Allocator
[ RUN      ] Allocator.CopyAssignmentWithDifferentNonPropagatingAllocatorAllocatesNewModel
[       OK ] Allocator.CopyAssignmentWithDifferentNonPropagatingAllocatorAllocatesNewModel (0 ms)
[----------] 1 test from Allocator (0 ms total)

[----------] Global test environment tear-down
[==========] 1 test from 1 test suite ran. (0 ms total)
[  PASSED  ] 1 test.
<end of output>
Test time =   0.00 sec
----------------------------------------------------------
Test Passed.
"CopyOnWrite.Allocator.CopyAssignmentWithDifferentNonPropagatingAllocatorAllocatesNewModel" end time: Apr 27 14:49 UTC
"CopyOnWrite.Allocator.CopyAssignmentWithDifferentNonPropagatingAllocatorAllocatesNewModel" time elapsed: 00:00:00
----------------------------------------------------------

End testing: Apr 27 14:49 UTC
